2024.05.13 22:00:36 INFO  Started: Metals version 1.3.0 in folders '/home/arp/dev/comp4121/assignments' for client Visual Studio Code 1.89.0.[0m
SLF4J: Class path contains multiple SLF4J providers.
SLF4J: Found provider [scribe.slf4j.ScribeServiceProvider@179c5204]
SLF4J: Found provider [ch.qos.logback.classic.spi.LogbackServiceProvider@6fbd01ef]
SLF4J: See https://www.slf4j.org/codes.html#multiple_bindings for an explanation.
SLF4J: Actual provider is of type [scribe.slf4j.ScribeServiceProvider@179c5204]
2024.05.13 22:00:38 WARN  Flyway upgrade recommended: H2 2.2.224 is newer than this version of Flyway and support has not been tested. The latest supported version of H2 is 2.2.220.[0m
2024.05.13 22:00:39 INFO  Attempting to connect to the build server...[0m
2024.05.13 22:00:39 INFO  Replacing bloop java home /home/arp/.cache/coursier/arc/https/github.com/adoptium/temurin11-binaries/releases/download/jdk-11.0.22%252B7/OpenJDK11U-jdk_x64_linux_hotspot_11.0.22_7.tar.gz/jdk-11.0.22+7 with java home at /home/arp/.cache/coursier/arc/https/github.com/adoptium/temurin17-binaries/releases/download/jdk-17.0.11%252B9/OpenJDK17U-jdk_x64_linux_hotspot_17.0.11_9.tar.gz/jdk-17.0.11+9.[0m
2024.05.13 22:00:50 INFO  tracing is disabled for protocol BSP, to enable tracing of incoming and outgoing JSON messages create an empty file at /home/arp/dev/comp4121/assignments/.metals/bsp.trace.json or /home/arp/.cache/metals/bsp.trace.json[0m
2024.05.13 22:00:51 INFO  time: Connected to build server in 12s[0m
2024.05.13 22:00:51 INFO  Connected to Build server: Bloop v1.5.17[0m
2024.05.13 22:00:51 INFO  time: Imported build in 0.17s[0m
2024.05.13 22:00:54 INFO  time: indexed workspace in 3.14s[0m
2024.05.13 22:00:54 WARN  no build target for: /home/arp/dev/comp4121/assignments/assignment2/src/amyc/parsing/Lexer.scala[0m
2024.05.13 22:01:16 INFO  no build target found for /home/arp/dev/comp4121/assignments/assignment2/src/amyc/parsing/Lexer.scala. Using presentation compiler with project's scala-library version: 3.3.3[0m
2024.05.13 22:01:19 INFO  time: code lens generation in 24s[0m
2024.05.13 22:01:19 INFO  time: code lens generation in 23s[0m
2024.05.13 22:01:19 INFO  time: code lens generation in 24s[0m
May 13, 2024 10:01:19 PM org.eclipse.lsp4j.jsonrpc.RemoteEndpoint handleCancellation
WARNING: Unmatched cancel notification for request id 12
2024.05.13 22:01:58 INFO  Shutting down server[0m
2024.05.13 22:01:58 INFO  shutting down Metals[0m
2024.05.13 22:01:58 INFO  Shut down connection with build server.[0m
2024.05.13 22:01:58 INFO  Exiting server[0m
