2024.04.14 23:26:17 INFO  Started: Metals version 1.2.2 in folders '/home/arp/dev/comp4121/assignments/assignment3' for client Visual Studio Code 1.88.1.[0m
23:26:19.148 [pool-1-thread-1] INFO org.flywaydb.core.internal.license.VersionPrinter -- Flyway Community Edition 9.22.3 by Redgate
23:26:19.150 [pool-1-thread-1] INFO org.flywaydb.core.internal.license.VersionPrinter -- See release notes here: https://rd.gt/416ObMi
23:26:19.150 [pool-1-thread-1] INFO org.flywaydb.core.internal.license.VersionPrinter -- 
23:26:19.152 [pool-1-thread-1] DEBUG org.flywaydb.core.internal.scanner.classpath.ClassPathScanner -- Scanning for classpath resources at 'classpath:db/callback' ...
23:26:19.152 [pool-1-thread-1] DEBUG org.flywaydb.core.internal.scanner.classpath.ClassPathScanner -- Determining location urls for classpath:db/callback using ClassLoader jdk.internal.loader.ClassLoaders$AppClassLoader@277050dc ...
23:26:19.152 [pool-1-thread-1] DEBUG org.flywaydb.core.internal.scanner.classpath.ClassPathScanner -- Unable to resolve location classpath:db/callback.
23:26:19.152 [pool-1-thread-1] DEBUG org.flywaydb.core.internal.scanner.classpath.ClassPathScanner -- Scanning for classpath resources at 'classpath:db/migration' ...
23:26:19.152 [pool-1-thread-1] DEBUG org.flywaydb.core.internal.scanner.classpath.ClassPathScanner -- Determining location urls for classpath:db/migration using ClassLoader jdk.internal.loader.ClassLoaders$AppClassLoader@277050dc ...
23:26:19.152 [pool-1-thread-1] DEBUG org.flywaydb.core.internal.scanner.classpath.ClassPathScanner -- Scanning URL: jar:file:/home/arp/.cache/coursier/v1/https/repo1.maven.org/maven2/org/scalameta/metals_2.13/1.2.2/metals_2.13-1.2.2.jar!/db/migration
23:26:19.153 [pool-1-thread-1] DEBUG org.flywaydb.core.internal.scanner.classpath.ClassPathScanner -- Found resource: db/migration/
23:26:19.154 [pool-1-thread-1] DEBUG org.flywaydb.core.internal.scanner.classpath.ClassPathScanner -- Found resource: db/migration/V1__Create_tables.sql
23:26:19.154 [pool-1-thread-1] DEBUG org.flywaydb.core.internal.scanner.classpath.ClassPathScanner -- Found resource: db/migration/V2__Server_discovery.sql
23:26:19.154 [pool-1-thread-1] DEBUG org.flywaydb.core.internal.scanner.classpath.ClassPathScanner -- Found resource: db/migration/V3__Jar_symbols.sql
23:26:19.154 [pool-1-thread-1] DEBUG org.flywaydb.core.internal.scanner.classpath.ClassPathScanner -- Found resource: db/migration/V4__Fingerprints.sql
23:26:19.154 [pool-1-thread-1] DEBUG org.flywaydb.core.internal.scanner.classpath.ClassPathScanner -- Scanning for classes at classpath:db/migration
23:26:19.157 [pool-1-thread-1] DEBUG org.flywaydb.core.internal.scanner.Scanner -- Filtering out resource: db/migration/ (filename: )
23:26:19.157 [pool-1-thread-1] DEBUG org.flywaydb.core.internal.resource.ResourceNameValidator -- Validating V3__Jar_symbols.sql
23:26:19.157 [pool-1-thread-1] DEBUG org.flywaydb.core.internal.resource.ResourceNameValidator -- Validating V2__Server_discovery.sql
23:26:19.157 [pool-1-thread-1] DEBUG org.flywaydb.core.internal.resource.ResourceNameValidator -- Validating V1__Create_tables.sql
23:26:19.157 [pool-1-thread-1] DEBUG org.flywaydb.core.internal.resource.ResourceNameValidator -- Validating V4__Fingerprints.sql
23:26:19.228 [pool-1-thread-1] INFO org.flywaydb.core.FlywayExecutor -- Database: jdbc:h2:file:/home/arp/dev/comp4121/assignments/assignment3/.metals/metals (H2 2.2)
23:26:19.228 [pool-1-thread-1] DEBUG org.flywaydb.core.FlywayExecutor -- Driver: H2 JDBC Driver 2.2.224 (2023-09-17)
23:26:19.228 [pool-1-thread-1] DEBUG org.flywaydb.core.FlywayExecutor -- DDL Transactions Supported: false
23:26:19.229 [pool-1-thread-1] DEBUG org.flywaydb.core.internal.schemahistory.SchemaHistoryFactory -- Schemas: 
23:26:19.230 [pool-1-thread-1] DEBUG org.flywaydb.core.internal.schemahistory.SchemaHistoryFactory -- Default schema: null
23:26:19.234 [pool-1-thread-1] WARN org.flywaydb.core.internal.database.base.Database -- Flyway upgrade recommended: H2 2.2.224 is newer than this version of Flyway and support has not been tested. The latest supported version of H2 is 2.2.220.
23:26:19.235 [pool-1-thread-1] DEBUG org.flywaydb.core.internal.callback.SqlScriptCallbackFactory -- Scanning for SQL callbacks ...
23:26:19.236 [pool-1-thread-1] DEBUG org.flywaydb.core.internal.scanner.Scanner -- Filtering out resource: db/migration/ (filename: )
23:26:19.245 [pool-1-thread-1] DEBUG org.flywaydb.core.internal.command.DbValidate -- Validating migrations ...
23:26:19.249 [pool-1-thread-1] DEBUG org.flywaydb.core.internal.scanner.Scanner -- Filtering out resource: db/migration/ (filename: )
23:26:19.258 [pool-1-thread-1] DEBUG org.flywaydb.core.internal.scanner.Scanner -- Filtering out resource: db/migration/V3__Jar_symbols.sql (filename: V3__Jar_symbols.sql)
23:26:19.258 [pool-1-thread-1] DEBUG org.flywaydb.core.internal.scanner.Scanner -- Filtering out resource: db/migration/V2__Server_discovery.sql (filename: V2__Server_discovery.sql)
23:26:19.258 [pool-1-thread-1] DEBUG org.flywaydb.core.internal.scanner.Scanner -- Filtering out resource: db/migration/V1__Create_tables.sql (filename: V1__Create_tables.sql)
23:26:19.258 [pool-1-thread-1] DEBUG org.flywaydb.core.internal.scanner.Scanner -- Filtering out resource: db/migration/V4__Fingerprints.sql (filename: V4__Fingerprints.sql)
23:26:19.258 [pool-1-thread-1] DEBUG org.flywaydb.core.internal.scanner.Scanner -- Filtering out resource: db/migration/ (filename: )
23:26:19.259 [pool-1-thread-1] DEBUG org.flywaydb.core.internal.scanner.Scanner -- Filtering out resource: db/migration/V3__Jar_symbols.sql (filename: V3__Jar_symbols.sql)
23:26:19.260 [pool-1-thread-1] DEBUG org.flywaydb.core.internal.scanner.Scanner -- Filtering out resource: db/migration/V2__Server_discovery.sql (filename: V2__Server_discovery.sql)
23:26:19.260 [pool-1-thread-1] DEBUG org.flywaydb.core.internal.scanner.Scanner -- Filtering out resource: db/migration/V1__Create_tables.sql (filename: V1__Create_tables.sql)
23:26:19.260 [pool-1-thread-1] DEBUG org.flywaydb.core.internal.scanner.Scanner -- Filtering out resource: db/migration/V4__Fingerprints.sql (filename: V4__Fingerprints.sql)
23:26:19.260 [pool-1-thread-1] DEBUG org.flywaydb.core.internal.scanner.Scanner -- Filtering out resource: db/migration/ (filename: )
23:26:19.262 [pool-1-thread-1] INFO org.flywaydb.core.internal.schemahistory.JdbcTableSchemaHistory -- Schema history table "PUBLIC"."flyway_schema_history" does not exist yet
23:26:19.266 [pool-1-thread-1] INFO org.flywaydb.core.internal.command.DbValidate -- Successfully validated 4 migrations (execution time 00:00.020s)
23:26:19.270 [pool-1-thread-1] DEBUG org.flywaydb.core.internal.command.DbSchemas -- Skipping creation of existing schema: "PUBLIC"
23:26:19.275 [pool-1-thread-1] INFO org.flywaydb.core.internal.schemahistory.JdbcTableSchemaHistory -- Creating Schema History table "PUBLIC"."flyway_schema_history" ...
23:26:19.277 [pool-1-thread-1] DEBUG org.flywaydb.core.internal.parser.Parser -- Parsing  ...
23:26:19.285 [pool-1-thread-1] DEBUG org.flywaydb.core.internal.sqlscript.ParserSqlScript -- Found statement at line 1: CREATE TABLE IF NOT EXISTS "PUBLIC"."flyway_schema_history" (
    "installed_rank" INT NOT NULL,
    "version" VARCHAR(50),
    "description" VARCHAR(200) NOT NULL,
    "type" VARCHAR(20) NOT NULL,
    "script" VARCHAR(1000) NOT NULL,
    "checksum" INT,
    "installed_by" VARCHAR(100) NOT NULL,
    "installed_on" TIMESTAMP NOT NULL DEFAULT CURRENT_TIMESTAMP,
    "execution_time" INT NOT NULL,
    "success" BOOLEAN NOT NULL,
    CONSTRAINT "flyway_schema_history_pk" PRIMARY KEY ("installed_rank")
) AS SELECT -1, NULL, '<< Flyway Schema History table created >>', 'TABLE', '', NULL, 'SA', CURRENT_TIMESTAMP, 0, TRUE
23:26:19.285 [pool-1-thread-1] DEBUG org.flywaydb.core.internal.sqlscript.ParserSqlScript -- Found statement at line 14: CREATE INDEX "PUBLIC"."flyway_schema_history_s_idx" ON "PUBLIC"."flyway_schema_history" ("success")
23:26:19.286 [pool-1-thread-1] DEBUG org.flywaydb.core.internal.sqlscript.DefaultSqlScriptExecutor -- Executing SQL: CREATE TABLE IF NOT EXISTS "PUBLIC"."flyway_schema_history" (
    "installed_rank" INT NOT NULL,
    "version" VARCHAR(50),
    "description" VARCHAR(200) NOT NULL,
    "type" VARCHAR(20) NOT NULL,
    "script" VARCHAR(1000) NOT NULL,
    "checksum" INT,
    "installed_by" VARCHAR(100) NOT NULL,
    "installed_on" TIMESTAMP NOT NULL DEFAULT CURRENT_TIMESTAMP,
    "execution_time" INT NOT NULL,
    "success" BOOLEAN NOT NULL,
    CONSTRAINT "flyway_schema_history_pk" PRIMARY KEY ("installed_rank")
) AS SELECT -1, NULL, '<< Flyway Schema History table created >>', 'TABLE', '', NULL, 'SA', CURRENT_TIMESTAMP, 0, TRUE
23:26:19.290 [pool-1-thread-1] DEBUG org.flywaydb.core.internal.sqlscript.DefaultSqlScriptExecutor -- 0 rows affected
23:26:19.290 [pool-1-thread-1] DEBUG org.flywaydb.core.internal.sqlscript.DefaultSqlScriptExecutor -- Executing SQL: CREATE INDEX "PUBLIC"."flyway_schema_history_s_idx" ON "PUBLIC"."flyway_schema_history" ("success")
23:26:19.293 [pool-1-thread-1] DEBUG org.flywaydb.core.internal.sqlscript.DefaultSqlScriptExecutor -- 0 rows affected
23:26:19.293 [pool-1-thread-1] DEBUG org.flywaydb.core.internal.schemahistory.JdbcTableSchemaHistory -- Created Schema History table "PUBLIC"."flyway_schema_history"
23:26:19.300 [pool-1-thread-1] INFO org.flywaydb.core.internal.command.DbMigrate -- Current version of schema "PUBLIC": << Empty Schema >>
23:26:19.301 [pool-1-thread-1] DEBUG org.flywaydb.core.internal.parser.Parser -- Parsing V1__Create_tables.sql ...
23:26:19.303 [pool-1-thread-1] DEBUG org.flywaydb.core.internal.sqlscript.ParserSqlScript -- Found statement at line 4: -- The relationship between library dependency sources under .metals/readonly/**
-- and build targets they belong to. Required to know what classpath to use
-- for compiling dependency sources.
create table dependency_source(
  text_document_uri varchar primary key,
  build_target_uri varchar not null
)
23:26:19.303 [pool-1-thread-1] DEBUG org.flywaydb.core.internal.sqlscript.ParserSqlScript -- Found statement at line 12: -- The relationship between library dependency sources under .metals/readonly/**
-- and worksheets they belong to. Required to know what classpath to use
-- for compiling dependency sources.
create table worksheet_dependency_source(
  text_document_uri varchar primary key,
  worksheet_uri varchar not null
)
23:26:19.304 [pool-1-thread-1] DEBUG org.flywaydb.core.internal.sqlscript.ParserSqlScript -- Found statement at line 19: -- The relationship between what library dependency sources under .metals/readonly/**
-- map to which build targets.
create table sbt_digest(
  md5 varchar,
  status tinyint not null,
  when_recorded timestamp
)
23:26:19.305 [pool-1-thread-1] DEBUG org.flywaydb.core.internal.sqlscript.ParserSqlScript -- Found statement at line 27: -- Which window/showMessage and window/showMessageRequest dialogues have been dismissed
-- by the user via "Don't show again" or closed by clicking on "x".
create table dismissed_notification(
  id int,
  when_dismissed timestamp,
  when_expires timestamp
)
23:26:19.305 [pool-1-thread-1] DEBUG org.flywaydb.core.internal.sqlscript.ParserSqlScript -- Found statement at line 34: -- The choice of build tool when multiple build tool files are found in a workspace
create table chosen_build_tool(
  build_tool varchar primary key
)
23:26:19.306 [pool-1-thread-1] DEBUG org.flywaydb.core.internal.command.DbMigrate -- Starting migration of schema "PUBLIC" to version "1 - Create tables" ...
23:26:19.307 [pool-1-thread-1] INFO org.flywaydb.core.internal.command.DbMigrate -- Migrating schema "PUBLIC" to version "1 - Create tables"
23:26:19.308 [pool-1-thread-1] DEBUG org.flywaydb.core.internal.sqlscript.DefaultSqlScriptExecutor -- Executing SQL: -- The relationship between library dependency sources under .metals/readonly/**
-- and build targets they belong to. Required to know what classpath to use
-- for compiling dependency sources.
create table dependency_source(
  text_document_uri varchar primary key,
  build_target_uri varchar not null
)
23:26:19.310 [pool-1-thread-1] DEBUG org.flywaydb.core.internal.sqlscript.DefaultSqlScriptExecutor -- 0 rows affected
23:26:19.310 [pool-1-thread-1] DEBUG org.flywaydb.core.internal.sqlscript.DefaultSqlScriptExecutor -- Executing SQL: -- The relationship between library dependency sources under .metals/readonly/**
-- and worksheets they belong to. Required to know what classpath to use
-- for compiling dependency sources.
create table worksheet_dependency_source(
  text_document_uri varchar primary key,
  worksheet_uri varchar not null
)
23:26:19.311 [pool-1-thread-1] DEBUG org.flywaydb.core.internal.sqlscript.DefaultSqlScriptExecutor -- 0 rows affected
23:26:19.311 [pool-1-thread-1] DEBUG org.flywaydb.core.internal.sqlscript.DefaultSqlScriptExecutor -- Executing SQL: -- The relationship between what library dependency sources under .metals/readonly/**
-- map to which build targets.
create table sbt_digest(
  md5 varchar,
  status tinyint not null,
  when_recorded timestamp
)
23:26:19.311 [pool-1-thread-1] DEBUG org.flywaydb.core.internal.sqlscript.DefaultSqlScriptExecutor -- 0 rows affected
23:26:19.312 [pool-1-thread-1] DEBUG org.flywaydb.core.internal.sqlscript.DefaultSqlScriptExecutor -- Executing SQL: -- Which window/showMessage and window/showMessageRequest dialogues have been dismissed
-- by the user via "Don't show again" or closed by clicking on "x".
create table dismissed_notification(
  id int,
  when_dismissed timestamp,
  when_expires timestamp
)
23:26:19.312 [pool-1-thread-1] DEBUG org.flywaydb.core.internal.sqlscript.DefaultSqlScriptExecutor -- 0 rows affected
23:26:19.312 [pool-1-thread-1] DEBUG org.flywaydb.core.internal.sqlscript.DefaultSqlScriptExecutor -- Executing SQL: -- The choice of build tool when multiple build tool files are found in a workspace
create table chosen_build_tool(
  build_tool varchar primary key
)
23:26:19.313 [pool-1-thread-1] DEBUG org.flywaydb.core.internal.sqlscript.DefaultSqlScriptExecutor -- 0 rows affected
23:26:19.314 [pool-1-thread-1] DEBUG org.flywaydb.core.internal.command.DbMigrate -- Successfully completed migration of schema "PUBLIC" to version "1 - Create tables"
23:26:19.317 [pool-1-thread-1] DEBUG org.flywaydb.core.internal.schemahistory.JdbcTableSchemaHistory -- Schema History table "PUBLIC"."flyway_schema_history" successfully updated to reflect changes
23:26:19.323 [pool-1-thread-1] DEBUG org.flywaydb.core.internal.parser.Parser -- Parsing V2__Server_discovery.sql ...
23:26:19.325 [pool-1-thread-1] DEBUG org.flywaydb.core.internal.sqlscript.ParserSqlScript -- Found statement at line 4: -- For each unique combination of installed build servers we select one server.
-- The md5 checksum is computed from the names of the installed build servers, and
-- the selected server is the server which the user chose for this workspace.
create table chosen_build_server(
  md5 varchar primary key,
  selected_server varchar,
  when_recorded timestamp
)
23:26:19.325 [pool-1-thread-1] DEBUG org.flywaydb.core.internal.command.DbMigrate -- Starting migration of schema "PUBLIC" to version "2 - Server discovery" ...
23:26:19.326 [pool-1-thread-1] INFO org.flywaydb.core.internal.command.DbMigrate -- Migrating schema "PUBLIC" to version "2 - Server discovery"
23:26:19.326 [pool-1-thread-1] DEBUG org.flywaydb.core.internal.sqlscript.DefaultSqlScriptExecutor -- Executing SQL: -- For each unique combination of installed build servers we select one server.
-- The md5 checksum is computed from the names of the installed build servers, and
-- the selected server is the server which the user chose for this workspace.
create table chosen_build_server(
  md5 varchar primary key,
  selected_server varchar,
  when_recorded timestamp
)
23:26:19.328 [pool-1-thread-1] DEBUG org.flywaydb.core.internal.sqlscript.DefaultSqlScriptExecutor -- 0 rows affected
23:26:19.328 [pool-1-thread-1] DEBUG org.flywaydb.core.internal.command.DbMigrate -- Successfully completed migration of schema "PUBLIC" to version "2 - Server discovery"
23:26:19.329 [pool-1-thread-1] DEBUG org.flywaydb.core.internal.schemahistory.JdbcTableSchemaHistory -- Schema History table "PUBLIC"."flyway_schema_history" successfully updated to reflect changes
23:26:19.331 [pool-1-thread-1] DEBUG org.flywaydb.core.internal.parser.Parser -- Parsing V3__Jar_symbols.sql ...
23:26:19.332 [pool-1-thread-1] DEBUG org.flywaydb.core.internal.sqlscript.ParserSqlScript -- Found statement at line 2: -- Indexed jars, the MD5 digest of path, modified time and size as key
create table indexed_jar(
  id int auto_increment unique,
  md5 varchar primary key
)
23:26:19.333 [pool-1-thread-1] DEBUG org.flywaydb.core.internal.sqlscript.ParserSqlScript -- Found statement at line 7: -- Top Level Symbols per jar, allow for multiple jars with same symbols and paths
create table toplevel_symbol(
  symbol varchar not null,
  path varchar not null,
  jar int,
  foreign key (jar) references indexed_jar (id) on delete cascade,
  primary key (jar, path, symbol)
)
23:26:19.334 [pool-1-thread-1] DEBUG org.flywaydb.core.internal.sqlscript.ParserSqlScript -- Found statement at line 15: -- Create index to speedup lookup of jar symbols
create index toplevel_symbol_jar on toplevel_symbol(jar)
23:26:19.334 [pool-1-thread-1] DEBUG org.flywaydb.core.internal.command.DbMigrate -- Starting migration of schema "PUBLIC" to version "3 - Jar symbols" ...
23:26:19.335 [pool-1-thread-1] INFO org.flywaydb.core.internal.command.DbMigrate -- Migrating schema "PUBLIC" to version "3 - Jar symbols"
23:26:19.335 [pool-1-thread-1] DEBUG org.flywaydb.core.internal.sqlscript.DefaultSqlScriptExecutor -- Executing SQL: -- Indexed jars, the MD5 digest of path, modified time and size as key
create table indexed_jar(
  id int auto_increment unique,
  md5 varchar primary key
)
23:26:19.340 [pool-1-thread-1] DEBUG org.flywaydb.core.internal.sqlscript.DefaultSqlScriptExecutor -- 0 rows affected
23:26:19.341 [pool-1-thread-1] DEBUG org.flywaydb.core.internal.sqlscript.DefaultSqlScriptExecutor -- Executing SQL: -- Top Level Symbols per jar, allow for multiple jars with same symbols and paths
create table toplevel_symbol(
  symbol varchar not null,
  path varchar not null,
  jar int,
  foreign key (jar) references indexed_jar (id) on delete cascade,
  primary key (jar, path, symbol)
)
23:26:19.346 [pool-1-thread-1] DEBUG org.flywaydb.core.internal.sqlscript.DefaultSqlScriptExecutor -- 0 rows affected
23:26:19.346 [pool-1-thread-1] DEBUG org.flywaydb.core.internal.sqlscript.DefaultSqlScriptExecutor -- Executing SQL: -- Create index to speedup lookup of jar symbols
create index toplevel_symbol_jar on toplevel_symbol(jar)
23:26:19.347 [pool-1-thread-1] DEBUG org.flywaydb.core.internal.sqlscript.DefaultSqlScriptExecutor -- 0 rows affected
23:26:19.347 [pool-1-thread-1] DEBUG org.flywaydb.core.internal.command.DbMigrate -- Successfully completed migration of schema "PUBLIC" to version "3 - Jar symbols"
23:26:19.349 [pool-1-thread-1] DEBUG org.flywaydb.core.internal.schemahistory.JdbcTableSchemaHistory -- Schema History table "PUBLIC"."flyway_schema_history" successfully updated to reflect changes
23:26:19.351 [pool-1-thread-1] DEBUG org.flywaydb.core.internal.parser.Parser -- Parsing V4__Fingerprints.sql ...
23:26:19.352 [pool-1-thread-1] DEBUG org.flywaydb.core.internal.sqlscript.ParserSqlScript -- Found statement at line 2: -- Fingerprints saved between invocations
create table fingerprints(
  path varchar not null,
  text varchar not null,
  md5 varchar not null,
  id int auto_increment unique
)
23:26:19.353 [pool-1-thread-1] DEBUG org.flywaydb.core.internal.command.DbMigrate -- Starting migration of schema "PUBLIC" to version "4 - Fingerprints" ...
23:26:19.353 [pool-1-thread-1] INFO org.flywaydb.core.internal.command.DbMigrate -- Migrating schema "PUBLIC" to version "4 - Fingerprints"
23:26:19.353 [pool-1-thread-1] DEBUG org.flywaydb.core.internal.sqlscript.DefaultSqlScriptExecutor -- Executing SQL: -- Fingerprints saved between invocations
create table fingerprints(
  path varchar not null,
  text varchar not null,
  md5 varchar not null,
  id int auto_increment unique
)
23:26:19.355 [pool-1-thread-1] DEBUG org.flywaydb.core.internal.sqlscript.DefaultSqlScriptExecutor -- 0 rows affected
23:26:19.355 [pool-1-thread-1] DEBUG org.flywaydb.core.internal.command.DbMigrate -- Successfully completed migration of schema "PUBLIC" to version "4 - Fingerprints"
23:26:19.356 [pool-1-thread-1] DEBUG org.flywaydb.core.internal.schemahistory.JdbcTableSchemaHistory -- Schema History table "PUBLIC"."flyway_schema_history" successfully updated to reflect changes
23:26:19.361 [pool-1-thread-1] INFO org.flywaydb.core.internal.command.DbMigrate -- Successfully applied 4 migrations to schema "PUBLIC", now at version v4 (execution time 00:00.023s)
23:26:19.377 [pool-1-thread-1] DEBUG org.flywaydb.core.FlywayExecutor -- Memory usage: 29 of 100M
2024.04.14 23:26:19 WARN  Build server is not auto-connectable.[0m
2024.04.14 23:26:31 INFO  no build target found for /home/arp/dev/comp4121/assignments/assignment3/src/amyc/parsing/Parser.scala. Using presentation compiler with project's scala-library version: 3.3.1[0m
Apr 14, 2024 11:26:31 PM org.eclipse.lsp4j.jsonrpc.RemoteEndpoint handleCancellation
WARNING: Unmatched cancel notification for request id 2
Apr 14, 2024 11:26:32 PM org.eclipse.lsp4j.jsonrpc.RemoteEndpoint handleCancellation
WARNING: Unmatched cancel notification for request id 7
Apr 14, 2024 11:26:32 PM org.eclipse.lsp4j.jsonrpc.RemoteEndpoint handleCancellation
WARNING: Unmatched cancel notification for request id 8
Apr 14, 2024 11:26:32 PM org.eclipse.lsp4j.jsonrpc.RemoteEndpoint handleCancellation
WARNING: Unmatched cancel notification for request id 9
2024.04.14 23:26:32 INFO  running '/home/arp/.local/share/coursier/bin/sbt -Dbloop.export-jar-classifiers=sources bloopInstall'[0m
2024.04.14 23:26:32 WARN  no build target for: /home/arp/dev/comp4121/assignments/assignment3/project/metals.sbt[0m
2024.04.14 23:26:32 INFO  skipping build import with status 'Started'[0m
2024.04.14 23:26:35 INFO  time: code lens generation in 14s[0m
2024.04.14 23:26:35 INFO  time: code lens generation in 3.01s[0m
2024.04.14 23:26:38 INFO  [info] welcome to sbt 1.5.5 (Eclipse Adoptium Java 11.0.22)[0m
2024.04.14 23:26:43 INFO  [info] loading settings for project assignment3-build-build from metals.sbt ...[0m
2024.04.14 23:26:43 INFO  [info] loading project definition from /home/arp/dev/comp4121/assignments/assignment3/project/project[0m
2024.04.14 23:26:48 INFO  [info] loading settings for project assignment3-build from metals.sbt ...[0m
2024.04.14 23:26:48 INFO  [info] loading project definition from /home/arp/dev/comp4121/assignments/assignment3/project[0m
2024.04.14 23:26:56 INFO  [success] Generated .bloop/assignment3-build.json[0m
2024.04.14 23:27:02 INFO  [info] compiling 1 Scala source to /home/arp/dev/comp4121/assignments/assignment3/project/target/scala-2.12/sbt-1.0/classes ...[0m
2024.04.14 23:27:10 INFO  [warn] /home/arp/dev/comp4121/assignments/assignment3/project/StudentPlugin.scala:31:34: method in in trait ScopingSetting is deprecated (since 1.5.0): `in` is deprecated; migrate to slash syntax - https://www.scala-sbt.org/1.x/docs/Migrating-from-sbt-013x.html#slash[0m
2024.04.14 23:27:10 INFO  [warn]       val binaries = (packageBin in Compile).value[0m
2024.04.14 23:27:10 INFO  [warn]                                  ^[0m
2024.04.14 23:27:10 INFO  [warn] /home/arp/dev/comp4121/assignments/assignment3/project/StudentPlugin.scala:30:41: method in in trait ScopingSetting is deprecated (since 1.5.0): `in` is deprecated; migrate to slash syntax - https://www.scala-sbt.org/1.x/docs/Migrating-from-sbt-013x.html#slash[0m
2024.04.14 23:27:10 INFO  [warn]       val sources = (packageSourcesOnly in Compile).value[0m
2024.04.14 23:27:10 INFO  [warn]                                         ^[0m
2024.04.14 23:27:10 INFO  [warn] /home/arp/dev/comp4121/assignments/assignment3/project/StudentPlugin.scala:32:10: method zip in object IO is deprecated (since 1.3.2): Please specify whether to use a static timestamp[0m
2024.04.14 23:27:10 INFO  [warn]       IO.zip(Seq(sources -> "sources.zip", binaries -> "binaries.jar"), submission)[0m
2024.04.14 23:27:10 INFO  [warn]          ^[0m
2024.04.14 23:27:10 INFO  [warn] /home/arp/dev/comp4121/assignments/assignment3/project/StudentPlugin.scala:36:14: method in in trait ScopingSetting is deprecated (since 1.5.0): `in` is deprecated; migrate to slash syntax - https://www.scala-sbt.org/1.x/docs/Migrating-from-sbt-013x.html#slash[0m
2024.04.14 23:27:10 INFO  [warn]     mappings in (Compile, packageBin) := {[0m
2024.04.14 23:27:10 INFO  [warn]              ^[0m
2024.04.14 23:27:10 INFO  [warn] /home/arp/dev/comp4121/assignments/assignment3/project/StudentPlugin.scala:39:17: method in in trait ScopingSetting is deprecated (since 1.5.0): `in` is deprecated; migrate to slash syntax - https://www.scala-sbt.org/1.x/docs/Migrating-from-sbt-013x.html#slash[0m
2024.04.14 23:27:10 INFO  [warn]       (mappings in (Compile, packageBin)).value.filterNot { case (_, path) => relativePaths.contains(path) }[0m
2024.04.14 23:27:10 INFO  [warn]                 ^[0m
2024.04.14 23:27:10 INFO  [warn] /home/arp/dev/comp4121/assignments/assignment3/project/StudentPlugin.scala:38:101: method in in trait ScopingSetting is deprecated (since 1.5.0): `in` is deprecated; migrate to slash syntax - https://www.scala-sbt.org/1.x/docs/Migrating-from-sbt-013x.html#slash[0m
2024.04.14 23:27:10 INFO  [warn]         (unmanagedResources in Compile).value.flatMap(Path.relativeTo((unmanagedResourceDirectories in Compile).value)(_))[0m
2024.04.14 23:27:10 INFO  [warn]                                                                                                     ^[0m
2024.04.14 23:27:10 INFO  [warn] /home/arp/dev/comp4121/assignments/assignment3/project/StudentPlugin.scala:38:29: method in in trait ScopingSetting is deprecated (since 1.5.0): `in` is deprecated; migrate to slash syntax - https://www.scala-sbt.org/1.x/docs/Migrating-from-sbt-013x.html#slash[0m
2024.04.14 23:27:10 INFO  [warn]         (unmanagedResources in Compile).value.flatMap(Path.relativeTo((unmanagedResourceDirectories in Compile).value)(_))[0m
2024.04.14 23:27:10 INFO  [warn]                             ^[0m
2024.04.14 23:27:10 INFO  [warn] /home/arp/dev/comp4121/assignments/assignment3/project/StudentPlugin.scala:41:24: method in in trait ScopingSetting is deprecated (since 1.5.0): `in` is deprecated; migrate to slash syntax - https://www.scala-sbt.org/1.x/docs/Migrating-from-sbt-013x.html#slash[0m
2024.04.14 23:27:10 INFO  [warn]     artifactClassifier in packageSourcesOnly := Some("sources")[0m
2024.04.14 23:27:10 INFO  [warn]                        ^[0m
2024.04.14 23:27:10 INFO  [warn] /home/arp/dev/comp4121/assignments/assignment3/project/StudentPlugin.scala:88:37: method in in trait ScopingSetting is deprecated (since 1.5.0): `in` is deprecated; migrate to slash syntax - https://www.scala-sbt.org/1.x/docs/Migrating-from-sbt-013x.html#slash[0m
2024.04.14 23:27:10 INFO  [warn]     val jar = (packageSubmissionZip in Compile).value[0m
2024.04.14 23:27:10 INFO  [warn]                                     ^[0m
2024.04.14 23:27:11 INFO  [warn] 9 warnings found[0m
2024.04.14 23:27:11 INFO  [info] done compiling[0m
2024.04.14 23:27:11 INFO  [success] Total time: 23 s, completed Apr 14, 2024, 11:27:12 PM[0m
2024.04.14 23:27:13 ERROR /home/arp/dev/comp4121/assignments/assignment3/build.sbt:11: warning: method in in trait ScopingSetting is deprecated (since 1.5.0): `in` is deprecated; migrate to slash syntax - https://www.scala-sbt.org/1.x/docs/Migrating-from-sbt-013x.html#slash[0m
2024.04.14 23:27:13 ERROR     scalaSource in Compile := baseDirectory.value / "src",[0m
2024.04.14 23:27:13 ERROR                 ^[0m
2024.04.14 23:27:13 ERROR /home/arp/dev/comp4121/assignments/assignment3/build.sbt:14: warning: method in in trait ScopingSetting is deprecated (since 1.5.0): `in` is deprecated; migrate to slash syntax - https://www.scala-sbt.org/1.x/docs/Migrating-from-sbt-013x.html#slash[0m
2024.04.14 23:27:13 ERROR     scalaSource in Test := baseDirectory.value / "test" / "scala",[0m
2024.04.14 23:27:13 ERROR                 ^[0m
2024.04.14 23:27:13 ERROR /home/arp/dev/comp4121/assignments/assignment3/build.sbt:15: warning: method in in trait ScopingSetting is deprecated (since 1.5.0): `in` is deprecated; migrate to slash syntax - https://www.scala-sbt.org/1.x/docs/Migrating-from-sbt-013x.html#slash[0m
2024.04.14 23:27:13 ERROR     parallelExecution in Test := false,[0m
2024.04.14 23:27:13 ERROR                       ^[0m
2024.04.14 23:27:14 INFO  [info] loading settings for project amyc from build.sbt ...[0m
2024.04.14 23:27:14 INFO  [info] set current project to amyc (in build file:/home/arp/dev/comp4121/assignments/assignment3/)[0m
2024.04.14 23:27:14 INFO  [success] Generated .bloop/amyc.json[0m
2024.04.14 23:27:14 INFO  [success] Generated .bloop/amyc-test.json[0m
2024.04.14 23:27:14 INFO  [success] Total time: 0 s, completed Apr 14, 2024, 11:27:14 PM[0m
2024.04.14 23:27:15 INFO  time: ran 'sbt bloopInstall' in 43s[0m
2024.04.14 23:27:15 INFO  Attempting to connect to the build server...[0m
2024.04.14 23:27:15 INFO  Bloop uses /home/arp/.cache/coursier/arc/https/github.com/adoptium/temurin11-binaries/releases/download/jdk-11.0.22%252B7/OpenJDK11U-jdk_x64_linux_hotspot_11.0.22_7.tar.gz/jdk-11.0.22+7 defined at /home/arp/.bloop/bloop.json[0m
2024.04.14 23:27:23 INFO  tracing is disabled for protocol BSP, to enable tracing of incoming and outgoing JSON messages create an empty file at /home/arp/dev/comp4121/assignments/assignment3/.metals/bsp.trace.json or /home/arp/.cache/metals/bsp.trace.json[0m
2024.04.14 23:27:23 INFO  Attempting to connect to the build server...[0m
2024.04.14 23:27:23 INFO  Bloop uses /home/arp/.cache/coursier/arc/https/github.com/adoptium/temurin11-binaries/releases/download/jdk-11.0.22%252B7/OpenJDK11U-jdk_x64_linux_hotspot_11.0.22_7.tar.gz/jdk-11.0.22+7 defined at /home/arp/.bloop/bloop.json[0m
2024.04.14 23:27:23 INFO  tracing is disabled for protocol BSP, to enable tracing of incoming and outgoing JSON messages create an empty file at /home/arp/dev/comp4121/assignments/assignment3/project/.metals/bsp.trace.json or /home/arp/.cache/metals/bsp.trace.json[0m
2024.04.14 23:27:43 ERROR Timeout waiting for 'build/initialize' response[0m
2024.04.14 23:27:43 WARN  Retrying connection to the build server Bloop[0m
2024.04.14 23:27:43 INFO  Bloop uses /home/arp/.cache/coursier/arc/https/github.com/adoptium/temurin11-binaries/releases/download/jdk-11.0.22%252B7/OpenJDK11U-jdk_x64_linux_hotspot_11.0.22_7.tar.gz/jdk-11.0.22+7 defined at /home/arp/.bloop/bloop.json[0m
2024.04.14 23:27:43 INFO  tracing is disabled for protocol BSP, to enable tracing of incoming and outgoing JSON messages create an empty file at /home/arp/dev/comp4121/assignments/assignment3/project/.metals/bsp.trace.json or /home/arp/.cache/metals/bsp.trace.json[0m
2024.04.14 23:28:04 ERROR Timeout waiting for 'build/initialize' response[0m
2024.04.14 23:28:04 WARN  Retrying connection to the build server Bloop[0m
2024.04.14 23:28:04 INFO  Bloop uses /home/arp/.cache/coursier/arc/https/github.com/adoptium/temurin11-binaries/releases/download/jdk-11.0.22%252B7/OpenJDK11U-jdk_x64_linux_hotspot_11.0.22_7.tar.gz/jdk-11.0.22+7 defined at /home/arp/.bloop/bloop.json[0m
2024.04.14 23:28:04 INFO  tracing is disabled for protocol BSP, to enable tracing of incoming and outgoing JSON messages create an empty file at /home/arp/dev/comp4121/assignments/assignment3/project/.metals/bsp.trace.json or /home/arp/.cache/metals/bsp.trace.json[0m
2024.04.14 23:28:10 INFO  skipping build import with status 'Installed'[0m
2024.04.14 23:28:24 ERROR Timeout waiting for 'build/initialize' response[0m
2024.04.14 23:28:24 WARN  Retrying connection to the build server Bloop[0m
2024.04.14 23:28:24 INFO  Bloop uses /home/arp/.cache/coursier/arc/https/github.com/adoptium/temurin11-binaries/releases/download/jdk-11.0.22%252B7/OpenJDK11U-jdk_x64_linux_hotspot_11.0.22_7.tar.gz/jdk-11.0.22+7 defined at /home/arp/.bloop/bloop.json[0m
2024.04.14 23:28:24 INFO  tracing is disabled for protocol BSP, to enable tracing of incoming and outgoing JSON messages create an empty file at /home/arp/dev/comp4121/assignments/assignment3/project/.metals/bsp.trace.json or /home/arp/.cache/metals/bsp.trace.json[0m
Apr 14, 2024 11:28:40 PM org.eclipse.lsp4j.jsonrpc.RemoteEndpoint handleCancellation
WARNING: Unmatched cancel notification for request id 58
2024.04.14 23:28:44 ERROR Timeout waiting for 'build/initialize' response[0m
2024.04.14 23:28:44 WARN  Retrying connection to the build server Bloop[0m
2024.04.14 23:28:44 INFO  Bloop uses /home/arp/.cache/coursier/arc/https/github.com/adoptium/temurin11-binaries/releases/download/jdk-11.0.22%252B7/OpenJDK11U-jdk_x64_linux_hotspot_11.0.22_7.tar.gz/jdk-11.0.22+7 defined at /home/arp/.bloop/bloop.json[0m
2024.04.14 23:28:44 INFO  tracing is disabled for protocol BSP, to enable tracing of incoming and outgoing JSON messages create an empty file at /home/arp/dev/comp4121/assignments/assignment3/project/.metals/bsp.trace.json or /home/arp/.cache/metals/bsp.trace.json[0m
2024.04.14 23:29:04 ERROR Timeout waiting for 'build/initialize' response[0m
2024.04.14 23:29:04 WARN  Retrying connection to the build server Bloop[0m
2024.04.14 23:29:04 INFO  Bloop uses /home/arp/.cache/coursier/arc/https/github.com/adoptium/temurin11-binaries/releases/download/jdk-11.0.22%252B7/OpenJDK11U-jdk_x64_linux_hotspot_11.0.22_7.tar.gz/jdk-11.0.22+7 defined at /home/arp/.bloop/bloop.json[0m
2024.04.14 23:29:04 INFO  tracing is disabled for protocol BSP, to enable tracing of incoming and outgoing JSON messages create an empty file at /home/arp/dev/comp4121/assignments/assignment3/project/.metals/bsp.trace.json or /home/arp/.cache/metals/bsp.trace.json[0m
2024.04.14 23:29:24 ERROR Timeout waiting for 'build/initialize' response[0m
2024.04.14 23:29:24 ERROR Failed to connect with build server, no functionality will work.
java.util.concurrent.TimeoutException
	at java.util.concurrent.CompletableFuture.timedGet(CompletableFuture.java:1892)
	at java.util.concurrent.CompletableFuture.get(CompletableFuture.java:2027)
	at scala.meta.internal.metals.BuildServerConnection$.initialize(BuildServerConnection.scala:675)
	at scala.meta.internal.metals.BuildServerConnection$.$anonfun$fromSockets$1(BuildServerConnection.scala:560)
	at scala.concurrent.impl.Promise$Transformation.run(Promise.scala:467)
	at java.util.concurrent.ThreadPoolExecutor.runWorker(ThreadPoolExecutor.java:1128)
	at java.util.concurrent.ThreadPoolExecutor$Worker.run(ThreadPoolExecutor.java:628)
	at java.lang.Thread.run(Thread.java:829)
[0m
2024.04.14 23:42:34 INFO  Attempting to connect to the build server...[0m
2024.04.14 23:42:34 INFO  Bloop uses /home/arp/.cache/coursier/arc/https/github.com/adoptium/temurin11-binaries/releases/download/jdk-11.0.22%252B7/OpenJDK11U-jdk_x64_linux_hotspot_11.0.22_7.tar.gz/jdk-11.0.22+7 defined at /home/arp/.bloop/bloop.json[0m
2024.04.14 23:42:34 INFO  tracing is disabled for protocol BSP, to enable tracing of incoming and outgoing JSON messages create an empty file at /home/arp/dev/comp4121/assignments/assignment3/.metals/bsp.trace.json or /home/arp/.cache/metals/bsp.trace.json[0m
2024.04.14 23:42:34 INFO  Attempting to connect to the build server...[0m
2024.04.14 23:42:34 INFO  Bloop uses /home/arp/.cache/coursier/arc/https/github.com/adoptium/temurin11-binaries/releases/download/jdk-11.0.22%252B7/OpenJDK11U-jdk_x64_linux_hotspot_11.0.22_7.tar.gz/jdk-11.0.22+7 defined at /home/arp/.bloop/bloop.json[0m
2024.04.14 23:42:34 INFO  tracing is disabled for protocol BSP, to enable tracing of incoming and outgoing JSON messages create an empty file at /home/arp/dev/comp4121/assignments/assignment3/project/.metals/bsp.trace.json or /home/arp/.cache/metals/bsp.trace.json[0m
2024.04.14 23:42:34 INFO  time: Connected to build server in 0.1s[0m
2024.04.14 23:42:34 INFO  Connected to Build server: Bloop v1.5.15[0m
2024.04.14 23:42:34 INFO  time: Imported build in 0.13s[0m
2024.04.14 23:42:34 INFO  Disconnecting from Bloop session...[0m
2024.04.14 23:42:34 INFO  Shut down connection with build server.[0m
2024.04.14 23:42:34 INFO  Shut down connection with build server.[0m
2024.04.14 23:42:34 INFO  Attempting to connect to the build server...[0m
2024.04.14 23:42:34 INFO  Bloop uses /home/arp/.cache/coursier/arc/https/github.com/adoptium/temurin11-binaries/releases/download/jdk-11.0.22%252B7/OpenJDK11U-jdk_x64_linux_hotspot_11.0.22_7.tar.gz/jdk-11.0.22+7 defined at /home/arp/.bloop/bloop.json[0m
2024.04.14 23:42:34 INFO  tracing is disabled for protocol BSP, to enable tracing of incoming and outgoing JSON messages create an empty file at /home/arp/dev/comp4121/assignments/assignment3/.metals/bsp.trace.json or /home/arp/.cache/metals/bsp.trace.json[0m
2024.04.14 23:42:34 INFO  Attempting to connect to the build server...[0m
2024.04.14 23:42:34 INFO  Bloop uses /home/arp/.cache/coursier/arc/https/github.com/adoptium/temurin11-binaries/releases/download/jdk-11.0.22%252B7/OpenJDK11U-jdk_x64_linux_hotspot_11.0.22_7.tar.gz/jdk-11.0.22+7 defined at /home/arp/.bloop/bloop.json[0m
2024.04.14 23:42:34 INFO  tracing is disabled for protocol BSP, to enable tracing of incoming and outgoing JSON messages create an empty file at /home/arp/dev/comp4121/assignments/assignment3/project/.metals/bsp.trace.json or /home/arp/.cache/metals/bsp.trace.json[0m
2024.04.14 23:42:34 INFO  time: Connected to build server in 85ms[0m
2024.04.14 23:42:34 INFO  Connected to Build server: Bloop v1.5.15[0m
2024.04.14 23:42:34 INFO  Disconnecting from Bloop session...[0m
2024.04.14 23:42:35 INFO  Shut down connection with build server.[0m
2024.04.14 23:42:34 INFO  Shut down connection with build server.[0m
2024.04.14 23:42:35 INFO  Attempting to connect to the build server...[0m
2024.04.14 23:42:35 INFO  Bloop uses /home/arp/.cache/coursier/arc/https/github.com/adoptium/temurin11-binaries/releases/download/jdk-11.0.22%252B7/OpenJDK11U-jdk_x64_linux_hotspot_11.0.22_7.tar.gz/jdk-11.0.22+7 defined at /home/arp/.bloop/bloop.json[0m
2024.04.14 23:42:35 INFO  tracing is disabled for protocol BSP, to enable tracing of incoming and outgoing JSON messages create an empty file at /home/arp/dev/comp4121/assignments/assignment3/.metals/bsp.trace.json or /home/arp/.cache/metals/bsp.trace.json[0m
2024.04.14 23:42:35 INFO  Attempting to connect to the build server...[0m
2024.04.14 23:42:35 INFO  Bloop uses /home/arp/.cache/coursier/arc/https/github.com/adoptium/temurin11-binaries/releases/download/jdk-11.0.22%252B7/OpenJDK11U-jdk_x64_linux_hotspot_11.0.22_7.tar.gz/jdk-11.0.22+7 defined at /home/arp/.bloop/bloop.json[0m
2024.04.14 23:42:35 INFO  tracing is disabled for protocol BSP, to enable tracing of incoming and outgoing JSON messages create an empty file at /home/arp/dev/comp4121/assignments/assignment3/project/.metals/bsp.trace.json or /home/arp/.cache/metals/bsp.trace.json[0m
2024.04.14 23:42:35 INFO  time: Connected to build server in 85ms[0m
2024.04.14 23:42:35 INFO  Connected to Build server: Bloop v1.5.15[0m
2024.04.14 23:42:45 INFO  Disconnecting from Bloop session...[0m
2024.04.14 23:42:45 ERROR Failed to connect with build server, no functionality will work.
org.h2.jdbc.JdbcSQLIntegrityConstraintViolationException: Unique index or primary key violation: "PUBLIC.PRIMARY_KEY_E ON PUBLIC.INDEXED_JAR(MD5) VALUES ( /* 1 */ '2976EAEEBA93F45B87F5F52AF5FCEF2E' )"; SQL statement:
insert into indexed_jar (md5) values (?) [23505-224]
	at org.h2.message.DbException.getJdbcSQLException(DbException.java:520)
	at org.h2.message.DbException.getJdbcSQLException(DbException.java:489)
	at org.h2.message.DbException.get(DbException.java:223)
	at org.h2.message.DbException.get(DbException.java:199)
	at org.h2.index.Index.getDuplicateKeyException(Index.java:527)
	at org.h2.mvstore.db.MVSecondaryIndex.checkUnique(MVSecondaryIndex.java:223)
	at org.h2.mvstore.db.MVSecondaryIndex.add(MVSecondaryIndex.java:184)
	at org.h2.mvstore.db.MVTable.addRow(MVTable.java:519)
	at org.h2.command.dml.Insert.insertRows(Insert.java:174)
	at org.h2.command.dml.Insert.update(Insert.java:135)
	at org.h2.command.CommandContainer.executeUpdateWithGeneratedKeys(CommandContainer.java:242)
	at org.h2.command.CommandContainer.update(CommandContainer.java:163)
	at org.h2.command.Command.executeUpdate(Command.java:256)
	at org.h2.jdbc.JdbcPreparedStatement.executeUpdateInternal(JdbcPreparedStatement.java:216)
	at org.h2.jdbc.JdbcPreparedStatement.executeUpdate(JdbcPreparedStatement.java:174)
	at scala.meta.internal.metals.JarTopLevels.putTopLevels(JarTopLevels.scala:86)
	at scala.meta.internal.metals.Indexer.addSourceJarSymbols(Indexer.scala:614)
	at scala.meta.internal.metals.Indexer.indexJdkSources(Indexer.scala:503)
	at scala.meta.internal.metals.Indexer.$anonfun$indexWorkspace$24(Indexer.scala:372)
	at scala.runtime.java8.JFunction0$mcV$sp.apply(JFunction0$mcV$sp.scala:18)
	at scala.meta.internal.metals.TimerProvider.timedThunk(TimerProvider.scala:25)
	at scala.meta.internal.metals.Indexer.$anonfun$indexWorkspace$23(Indexer.scala:369)
	at scala.meta.internal.metals.Indexer.$anonfun$indexWorkspace$23$adapted(Indexer.scala:365)
	at scala.collection.immutable.List.foreach(List.scala:333)
	at scala.meta.internal.metals.Indexer.indexWorkspace(Indexer.scala:365)
	at scala.meta.internal.metals.Indexer.$anonfun$profiledIndexWorkspace$2(Indexer.scala:157)
	at scala.runtime.java8.JFunction0$mcV$sp.apply(JFunction0$mcV$sp.scala:18)
	at scala.meta.internal.metals.TimerProvider.timedThunk(TimerProvider.scala:25)
	at scala.meta.internal.metals.Indexer.$anonfun$profiledIndexWorkspace$1(Indexer.scala:157)
	at scala.runtime.java8.JFunction0$mcV$sp.apply(JFunction0$mcV$sp.scala:18)
	at scala.concurrent.Future$.$anonfun$apply$1(Future.scala:687)
	at scala.concurrent.impl.Promise$Transformation.run(Promise.scala:467)
	at java.util.concurrent.ThreadPoolExecutor.runWorker(ThreadPoolExecutor.java:1128)
	at java.util.concurrent.ThreadPoolExecutor$Worker.run(ThreadPoolExecutor.java:628)
	at java.lang.Thread.run(Thread.java:829)
[0m
2024.04.14 23:42:45 INFO  Shut down connection with build server.[0m
2024.04.14 23:42:45 INFO  Shut down connection with build server.[0m
2024.04.14 23:42:45 ERROR Failed to connect with build server, no functionality will work.
org.h2.jdbc.JdbcSQLIntegrityConstraintViolationException: Unique index or primary key violation: "PUBLIC.PRIMARY_KEY_E ON PUBLIC.INDEXED_JAR(MD5) VALUES ( /* 1 */ '2976EAEEBA93F45B87F5F52AF5FCEF2E' )"; SQL statement:
insert into indexed_jar (md5) values (?) [23505-224]
	at org.h2.message.DbException.getJdbcSQLException(DbException.java:520)
	at org.h2.message.DbException.getJdbcSQLException(DbException.java:489)
	at org.h2.message.DbException.get(DbException.java:223)
	at org.h2.message.DbException.get(DbException.java:199)
	at org.h2.index.Index.getDuplicateKeyException(Index.java:527)
	at org.h2.mvstore.db.MVSecondaryIndex.checkUnique(MVSecondaryIndex.java:223)
	at org.h2.mvstore.db.MVSecondaryIndex.add(MVSecondaryIndex.java:184)
	at org.h2.mvstore.db.MVTable.addRow(MVTable.java:519)
	at org.h2.command.dml.Insert.insertRows(Insert.java:174)
	at org.h2.command.dml.Insert.update(Insert.java:135)
	at org.h2.command.CommandContainer.executeUpdateWithGeneratedKeys(CommandContainer.java:242)
	at org.h2.command.CommandContainer.update(CommandContainer.java:163)
	at org.h2.command.Command.executeUpdate(Command.java:256)
	at org.h2.jdbc.JdbcPreparedStatement.executeUpdateInternal(JdbcPreparedStatement.java:216)
	at org.h2.jdbc.JdbcPreparedStatement.executeUpdate(JdbcPreparedStatement.java:174)
	at scala.meta.internal.metals.JarTopLevels.putTopLevels(JarTopLevels.scala:86)
	at scala.meta.internal.metals.Indexer.addSourceJarSymbols(Indexer.scala:614)
	at scala.meta.internal.metals.Indexer.indexJdkSources(Indexer.scala:503)
	at scala.meta.internal.metals.Indexer.$anonfun$indexWorkspace$24(Indexer.scala:372)
	at scala.runtime.java8.JFunction0$mcV$sp.apply(JFunction0$mcV$sp.scala:18)
	at scala.meta.internal.metals.TimerProvider.timedThunk(TimerProvider.scala:25)
	at scala.meta.internal.metals.Indexer.$anonfun$indexWorkspace$23(Indexer.scala:369)
	at scala.meta.internal.metals.Indexer.$anonfun$indexWorkspace$23$adapted(Indexer.scala:365)
	at scala.collection.immutable.List.foreach(List.scala:333)
	at scala.meta.internal.metals.Indexer.indexWorkspace(Indexer.scala:365)
	at scala.meta.internal.metals.Indexer.$anonfun$profiledIndexWorkspace$2(Indexer.scala:157)
	at scala.runtime.java8.JFunction0$mcV$sp.apply(JFunction0$mcV$sp.scala:18)
	at scala.meta.internal.metals.TimerProvider.timedThunk(TimerProvider.scala:25)
	at scala.meta.internal.metals.Indexer.$anonfun$profiledIndexWorkspace$1(Indexer.scala:157)
	at scala.runtime.java8.JFunction0$mcV$sp.apply(JFunction0$mcV$sp.scala:18)
	at scala.concurrent.Future$.$anonfun$apply$1(Future.scala:687)
	at scala.concurrent.impl.Promise$Transformation.run(Promise.scala:467)
	at java.util.concurrent.ThreadPoolExecutor.runWorker(ThreadPoolExecutor.java:1128)
	at java.util.concurrent.ThreadPoolExecutor$Worker.run(ThreadPoolExecutor.java:628)
	at java.lang.Thread.run(Thread.java:829)
[0m
2024.04.14 23:42:48 INFO  time: indexed workspace in 13s[0m
Apr 14, 2024 11:43:13 PM org.eclipse.lsp4j.jsonrpc.RemoteEndpoint handleCancellation
WARNING: Unmatched cancel notification for request id 265
Apr 14, 2024 11:43:17 PM org.eclipse.lsp4j.jsonrpc.RemoteEndpoint handleCancellation
WARNING: Unmatched cancel notification for request id 272
2024.04.14 23:43:20 WARN  Using indexes to guess the definition of DelimiterToken[0m
Apr 15, 2024 5:16:25 AM org.eclipse.lsp4j.jsonrpc.RemoteEndpoint handleCancellation
WARNING: Unmatched cancel notification for request id 1501
2024.04.15 06:28:09 INFO  Shutting down server[0m
2024.04.15 06:28:09 INFO  shutting down Metals[0m
2024.04.15 06:28:09 INFO  Exiting server[0m
2024.04.15 06:39:05 INFO  Started: Metals version 1.2.2 in folders '/home/arp/dev/comp4121/assignments/assignment3' for client Visual Studio Code 1.88.1.[0m
06:39:06.918 [pool-1-thread-1] INFO org.flywaydb.core.internal.license.VersionPrinter -- Flyway Community Edition 9.22.3 by Redgate
06:39:06.924 [pool-1-thread-1] INFO org.flywaydb.core.internal.license.VersionPrinter -- See release notes here: https://rd.gt/416ObMi
06:39:06.924 [pool-1-thread-1] INFO org.flywaydb.core.internal.license.VersionPrinter -- 
06:39:06.927 [pool-1-thread-1] DEBUG org.flywaydb.core.internal.scanner.classpath.ClassPathScanner -- Scanning for classpath resources at 'classpath:db/callback' ...
06:39:06.927 [pool-1-thread-1] DEBUG org.flywaydb.core.internal.scanner.classpath.ClassPathScanner -- Determining location urls for classpath:db/callback using ClassLoader jdk.internal.loader.ClassLoaders$AppClassLoader@277050dc ...
06:39:06.927 [pool-1-thread-1] DEBUG org.flywaydb.core.internal.scanner.classpath.ClassPathScanner -- Unable to resolve location classpath:db/callback.
06:39:06.927 [pool-1-thread-1] DEBUG org.flywaydb.core.internal.scanner.classpath.ClassPathScanner -- Scanning for classpath resources at 'classpath:db/migration' ...
06:39:06.928 [pool-1-thread-1] DEBUG org.flywaydb.core.internal.scanner.classpath.ClassPathScanner -- Determining location urls for classpath:db/migration using ClassLoader jdk.internal.loader.ClassLoaders$AppClassLoader@277050dc ...
06:39:06.928 [pool-1-thread-1] DEBUG org.flywaydb.core.internal.scanner.classpath.ClassPathScanner -- Scanning URL: jar:file:/home/arp/.cache/coursier/v1/https/repo1.maven.org/maven2/org/scalameta/metals_2.13/1.2.2/metals_2.13-1.2.2.jar!/db/migration
06:39:06.934 [pool-1-thread-1] DEBUG org.flywaydb.core.internal.scanner.classpath.ClassPathScanner -- Found resource: db/migration/
06:39:06.935 [pool-1-thread-1] DEBUG org.flywaydb.core.internal.scanner.classpath.ClassPathScanner -- Found resource: db/migration/V1__Create_tables.sql
06:39:06.935 [pool-1-thread-1] DEBUG org.flywaydb.core.internal.scanner.classpath.ClassPathScanner -- Found resource: db/migration/V2__Server_discovery.sql
06:39:06.935 [pool-1-thread-1] DEBUG org.flywaydb.core.internal.scanner.classpath.ClassPathScanner -- Found resource: db/migration/V3__Jar_symbols.sql
06:39:06.935 [pool-1-thread-1] DEBUG org.flywaydb.core.internal.scanner.classpath.ClassPathScanner -- Found resource: db/migration/V4__Fingerprints.sql
06:39:06.935 [pool-1-thread-1] DEBUG org.flywaydb.core.internal.scanner.classpath.ClassPathScanner -- Scanning for classes at classpath:db/migration
06:39:06.941 [pool-1-thread-1] DEBUG org.flywaydb.core.internal.scanner.Scanner -- Filtering out resource: db/migration/ (filename: )
06:39:06.942 [pool-1-thread-1] DEBUG org.flywaydb.core.internal.resource.ResourceNameValidator -- Validating V3__Jar_symbols.sql
06:39:06.943 [pool-1-thread-1] DEBUG org.flywaydb.core.internal.resource.ResourceNameValidator -- Validating V2__Server_discovery.sql
06:39:06.943 [pool-1-thread-1] DEBUG org.flywaydb.core.internal.resource.ResourceNameValidator -- Validating V1__Create_tables.sql
06:39:06.954 [pool-1-thread-1] DEBUG org.flywaydb.core.internal.resource.ResourceNameValidator -- Validating V4__Fingerprints.sql
06:39:07.128 [pool-1-thread-1] INFO org.flywaydb.core.FlywayExecutor -- Database: jdbc:h2:file:/home/arp/dev/comp4121/assignments/assignment3/.metals/metals (H2 2.2)
06:39:07.128 [pool-1-thread-1] DEBUG org.flywaydb.core.FlywayExecutor -- Driver: H2 JDBC Driver 2.2.224 (2023-09-17)
06:39:07.128 [pool-1-thread-1] DEBUG org.flywaydb.core.FlywayExecutor -- DDL Transactions Supported: false
06:39:07.130 [pool-1-thread-1] DEBUG org.flywaydb.core.internal.schemahistory.SchemaHistoryFactory -- Schemas: 
06:39:07.130 [pool-1-thread-1] DEBUG org.flywaydb.core.internal.schemahistory.SchemaHistoryFactory -- Default schema: null
06:39:07.144 [pool-1-thread-1] WARN org.flywaydb.core.internal.database.base.Database -- Flyway upgrade recommended: H2 2.2.224 is newer than this version of Flyway and support has not been tested. The latest supported version of H2 is 2.2.220.
06:39:07.164 [pool-1-thread-1] DEBUG org.flywaydb.core.internal.callback.SqlScriptCallbackFactory -- Scanning for SQL callbacks ...
06:39:07.164 [pool-1-thread-1] DEBUG org.flywaydb.core.internal.scanner.Scanner -- Filtering out resource: db/migration/ (filename: )
06:39:07.177 [pool-1-thread-1] DEBUG org.flywaydb.core.internal.command.DbValidate -- Validating migrations ...
06:39:07.183 [pool-1-thread-1] DEBUG org.flywaydb.core.internal.scanner.Scanner -- Filtering out resource: db/migration/ (filename: )
06:39:07.196 [pool-1-thread-1] DEBUG org.flywaydb.core.internal.scanner.Scanner -- Filtering out resource: db/migration/V3__Jar_symbols.sql (filename: V3__Jar_symbols.sql)
06:39:07.196 [pool-1-thread-1] DEBUG org.flywaydb.core.internal.scanner.Scanner -- Filtering out resource: db/migration/V2__Server_discovery.sql (filename: V2__Server_discovery.sql)
06:39:07.196 [pool-1-thread-1] DEBUG org.flywaydb.core.internal.scanner.Scanner -- Filtering out resource: db/migration/V1__Create_tables.sql (filename: V1__Create_tables.sql)
06:39:07.196 [pool-1-thread-1] DEBUG org.flywaydb.core.internal.scanner.Scanner -- Filtering out resource: db/migration/V4__Fingerprints.sql (filename: V4__Fingerprints.sql)
06:39:07.196 [pool-1-thread-1] DEBUG org.flywaydb.core.internal.scanner.Scanner -- Filtering out resource: db/migration/ (filename: )
06:39:07.198 [pool-1-thread-1] DEBUG org.flywaydb.core.internal.scanner.Scanner -- Filtering out resource: db/migration/V3__Jar_symbols.sql (filename: V3__Jar_symbols.sql)
06:39:07.198 [pool-1-thread-1] DEBUG org.flywaydb.core.internal.scanner.Scanner -- Filtering out resource: db/migration/V2__Server_discovery.sql (filename: V2__Server_discovery.sql)
06:39:07.198 [pool-1-thread-1] DEBUG org.flywaydb.core.internal.scanner.Scanner -- Filtering out resource: db/migration/V1__Create_tables.sql (filename: V1__Create_tables.sql)
06:39:07.198 [pool-1-thread-1] DEBUG org.flywaydb.core.internal.scanner.Scanner -- Filtering out resource: db/migration/V4__Fingerprints.sql (filename: V4__Fingerprints.sql)
06:39:07.198 [pool-1-thread-1] DEBUG org.flywaydb.core.internal.scanner.Scanner -- Filtering out resource: db/migration/ (filename: )
06:39:07.216 [pool-1-thread-1] INFO org.flywaydb.core.internal.command.DbValidate -- Successfully validated 4 migrations (execution time 00:00.038s)
06:39:07.219 [pool-1-thread-1] DEBUG org.flywaydb.core.internal.command.DbSchemas -- Skipping creation of existing schema: "PUBLIC"
06:39:07.230 [pool-1-thread-1] INFO org.flywaydb.core.internal.command.DbMigrate -- Current version of schema "PUBLIC": 4
06:39:07.240 [pool-1-thread-1] INFO org.flywaydb.core.internal.command.DbMigrate -- Schema "PUBLIC" is up to date. No migration necessary.
06:39:07.254 [pool-1-thread-1] DEBUG org.flywaydb.core.FlywayExecutor -- Memory usage: 24 of 100M
2024.04.15 06:39:07 INFO  skipping build import with status 'Installed'[0m
2024.04.15 06:39:07 INFO  Attempting to connect to the build server...[0m
2024.04.15 06:39:07 INFO  Bloop uses /home/arp/.cache/coursier/arc/https/github.com/adoptium/temurin11-binaries/releases/download/jdk-11.0.22%252B7/OpenJDK11U-jdk_x64_linux_hotspot_11.0.22_7.tar.gz/jdk-11.0.22+7 defined at /home/arp/.bloop/bloop.json[0m
2024.04.15 06:39:11 INFO  tracing is disabled for protocol BSP, to enable tracing of incoming and outgoing JSON messages create an empty file at /home/arp/dev/comp4121/assignments/assignment3/.metals/bsp.trace.json or /home/arp/.cache/metals/bsp.trace.json[0m
2024.04.15 06:39:11 INFO  Attempting to connect to the build server...[0m
2024.04.15 06:39:11 INFO  Bloop uses /home/arp/.cache/coursier/arc/https/github.com/adoptium/temurin11-binaries/releases/download/jdk-11.0.22%252B7/OpenJDK11U-jdk_x64_linux_hotspot_11.0.22_7.tar.gz/jdk-11.0.22+7 defined at /home/arp/.bloop/bloop.json[0m
2024.04.15 06:39:11 INFO  tracing is disabled for protocol BSP, to enable tracing of incoming and outgoing JSON messages create an empty file at /home/arp/dev/comp4121/assignments/assignment3/project/.metals/bsp.trace.json or /home/arp/.cache/metals/bsp.trace.json[0m
2024.04.15 06:39:15 INFO  no build target found for /home/arp/dev/comp4121/assignments/assignment3/src/amyc/parsing/Parser.scala. Using presentation compiler with project's scala-library version: 3.3.1[0m
Apr 15, 2024 6:39:16 AM org.eclipse.lsp4j.jsonrpc.RemoteEndpoint handleCancellation
WARNING: Unmatched cancel notification for request id 2
Apr 15, 2024 6:39:16 AM org.eclipse.lsp4j.jsonrpc.RemoteEndpoint handleCancellation
WARNING: Unmatched cancel notification for request id 7
Apr 15, 2024 6:39:16 AM org.eclipse.lsp4j.jsonrpc.RemoteEndpoint handleCancellation
WARNING: Unmatched cancel notification for request id 8
Apr 15, 2024 6:39:16 AM org.eclipse.lsp4j.jsonrpc.RemoteEndpoint handleCancellation
WARNING: Unmatched cancel notification for request id 9
Apr 15, 2024 6:39:16 AM org.eclipse.lsp4j.jsonrpc.RemoteEndpoint handleCancellation
WARNING: Unmatched cancel notification for request id 4
2024.04.15 06:39:31 ERROR Timeout waiting for 'build/initialize' response[0m
2024.04.15 06:39:31 WARN  Retrying connection to the build server Bloop[0m
2024.04.15 06:39:31 INFO  Bloop uses /home/arp/.cache/coursier/arc/https/github.com/adoptium/temurin11-binaries/releases/download/jdk-11.0.22%252B7/OpenJDK11U-jdk_x64_linux_hotspot_11.0.22_7.tar.gz/jdk-11.0.22+7 defined at /home/arp/.bloop/bloop.json[0m
2024.04.15 06:39:31 INFO  tracing is disabled for protocol BSP, to enable tracing of incoming and outgoing JSON messages create an empty file at /home/arp/dev/comp4121/assignments/assignment3/project/.metals/bsp.trace.json or /home/arp/.cache/metals/bsp.trace.json[0m
2024.04.15 06:39:51 ERROR Timeout waiting for 'build/initialize' response[0m
2024.04.15 06:39:51 WARN  Retrying connection to the build server Bloop[0m
2024.04.15 06:39:51 INFO  Bloop uses /home/arp/.cache/coursier/arc/https/github.com/adoptium/temurin11-binaries/releases/download/jdk-11.0.22%252B7/OpenJDK11U-jdk_x64_linux_hotspot_11.0.22_7.tar.gz/jdk-11.0.22+7 defined at /home/arp/.bloop/bloop.json[0m
2024.04.15 06:39:51 INFO  tracing is disabled for protocol BSP, to enable tracing of incoming and outgoing JSON messages create an empty file at /home/arp/dev/comp4121/assignments/assignment3/project/.metals/bsp.trace.json or /home/arp/.cache/metals/bsp.trace.json[0m
2024.04.15 06:40:11 ERROR Timeout waiting for 'build/initialize' response[0m
2024.04.15 06:40:11 WARN  Retrying connection to the build server Bloop[0m
2024.04.15 06:40:11 INFO  Bloop uses /home/arp/.cache/coursier/arc/https/github.com/adoptium/temurin11-binaries/releases/download/jdk-11.0.22%252B7/OpenJDK11U-jdk_x64_linux_hotspot_11.0.22_7.tar.gz/jdk-11.0.22+7 defined at /home/arp/.bloop/bloop.json[0m
2024.04.15 06:40:11 INFO  tracing is disabled for protocol BSP, to enable tracing of incoming and outgoing JSON messages create an empty file at /home/arp/dev/comp4121/assignments/assignment3/project/.metals/bsp.trace.json or /home/arp/.cache/metals/bsp.trace.json[0m
2024.04.15 06:40:31 ERROR Timeout waiting for 'build/initialize' response[0m
2024.04.15 06:40:31 WARN  Retrying connection to the build server Bloop[0m
2024.04.15 06:40:31 INFO  Bloop uses /home/arp/.cache/coursier/arc/https/github.com/adoptium/temurin11-binaries/releases/download/jdk-11.0.22%252B7/OpenJDK11U-jdk_x64_linux_hotspot_11.0.22_7.tar.gz/jdk-11.0.22+7 defined at /home/arp/.bloop/bloop.json[0m
2024.04.15 06:40:31 INFO  tracing is disabled for protocol BSP, to enable tracing of incoming and outgoing JSON messages create an empty file at /home/arp/dev/comp4121/assignments/assignment3/project/.metals/bsp.trace.json or /home/arp/.cache/metals/bsp.trace.json[0m
2024.04.15 06:40:51 ERROR Timeout waiting for 'build/initialize' response[0m
2024.04.15 06:40:51 WARN  Retrying connection to the build server Bloop[0m
2024.04.15 06:40:51 INFO  Bloop uses /home/arp/.cache/coursier/arc/https/github.com/adoptium/temurin11-binaries/releases/download/jdk-11.0.22%252B7/OpenJDK11U-jdk_x64_linux_hotspot_11.0.22_7.tar.gz/jdk-11.0.22+7 defined at /home/arp/.bloop/bloop.json[0m
2024.04.15 06:40:51 INFO  tracing is disabled for protocol BSP, to enable tracing of incoming and outgoing JSON messages create an empty file at /home/arp/dev/comp4121/assignments/assignment3/project/.metals/bsp.trace.json or /home/arp/.cache/metals/bsp.trace.json[0m
2024.04.15 06:41:11 ERROR Timeout waiting for 'build/initialize' response[0m
2024.04.15 06:41:11 ERROR Failed to connect with build server, no functionality will work.
java.util.concurrent.TimeoutException
	at java.util.concurrent.CompletableFuture.timedGet(CompletableFuture.java:1892)
	at java.util.concurrent.CompletableFuture.get(CompletableFuture.java:2027)
	at scala.meta.internal.metals.BuildServerConnection$.initialize(BuildServerConnection.scala:675)
	at scala.meta.internal.metals.BuildServerConnection$.$anonfun$fromSockets$1(BuildServerConnection.scala:560)
	at scala.concurrent.impl.Promise$Transformation.run(Promise.scala:467)
	at java.util.concurrent.ThreadPoolExecutor.runWorker(ThreadPoolExecutor.java:1128)
	at java.util.concurrent.ThreadPoolExecutor$Worker.run(ThreadPoolExecutor.java:628)
	at java.lang.Thread.run(Thread.java:829)
[0m
Apr 15, 2024 3:19:42 PM org.eclipse.lsp4j.jsonrpc.RemoteEndpoint handleNotification
WARNING: Notification threw an exception: {
  "jsonrpc": "2.0",
  "method": "metals/didFocusTextDocument",
  "params": [
    "vscode-chat-code-block://9eb1a539-fdbe-4993-a7bf-ee8d3cb85d70/response_8/0#%7B%22references%22%3A%5B%7B%22uri%22%3A%7B%22%24mid%22%3A1%2C%22external%22%3A%22vscode-remote%3A%2F%2Fwsl%252Bubuntu%2Fhome%2Farp%2Fdev%2Fcomp4121%2Fassignments%2Fassignment3%2Fsrc%2Famyc%2Fparsing%2FParser.scala%22%2C%22path%22%3A%22%2Fhome%2Farp%2Fdev%2Fcomp4121%2Fassignments%2Fassignment3%2Fsrc%2Famyc%2Fparsing%2FParser.scala%22%2C%22scheme%22%3A%22vscode-remote%22%2C%22authority%22%3A%22wsl%2Bubuntu%22%7D%2C%22range%22%3A%7B%22startLineNumber%22%3A115%2C%22startColumn%22%3A1%2C%22endLineNumber%22%3A150%2C%22endColumn%22%3A1%7D%7D%5D%7D"
  ]
}
java.lang.RuntimeException: java.lang.reflect.InvocationTargetException
	at org.eclipse.lsp4j.jsonrpc.services.GenericEndpoint.lambda$null$0(GenericEndpoint.java:67)
	at org.eclipse.lsp4j.jsonrpc.services.GenericEndpoint.notify(GenericEndpoint.java:152)
	at org.eclipse.lsp4j.jsonrpc.RemoteEndpoint.handleNotification(RemoteEndpoint.java:220)
	at org.eclipse.lsp4j.jsonrpc.RemoteEndpoint.consume(RemoteEndpoint.java:187)
	at org.eclipse.lsp4j.jsonrpc.json.StreamMessageProducer.handleMessage(StreamMessageProducer.java:194)
	at org.eclipse.lsp4j.jsonrpc.json.StreamMessageProducer.listen(StreamMessageProducer.java:94)
	at org.eclipse.lsp4j.jsonrpc.json.ConcurrentMessageProcessor.run(ConcurrentMessageProcessor.java:113)
	at java.base/java.util.concurrent.Executors$RunnableAdapter.call(Executors.java:515)
	at java.base/java.util.concurrent.FutureTask.run(FutureTask.java:264)
	at java.base/java.util.concurrent.ThreadPoolExecutor.runWorker(ThreadPoolExecutor.java:1128)
	at java.base/java.util.concurrent.ThreadPoolExecutor$Worker.run(ThreadPoolExecutor.java:628)
	at java.base/java.lang.Thread.run(Thread.java:829)
Caused by: java.lang.reflect.InvocationTargetException
	at java.base/jdk.internal.reflect.NativeMethodAccessorImpl.invoke0(Native Method)
	at java.base/jdk.internal.reflect.NativeMethodAccessorImpl.invoke(NativeMethodAccessorImpl.java:62)
	at java.base/jdk.internal.reflect.DelegatingMethodAccessorImpl.invoke(DelegatingMethodAccessorImpl.java:43)
	at java.base/java.lang.reflect.Method.invoke(Method.java:566)
	at org.eclipse.lsp4j.jsonrpc.services.GenericEndpoint.lambda$null$0(GenericEndpoint.java:65)
	... 11 more
Caused by: java.nio.file.FileSystemNotFoundException: Provider "vscode-chat-code-block" not installed
	at java.base/java.nio.file.Path.of(Path.java:212)
	at java.base/java.nio.file.Paths.get(Paths.java:97)
	at scala.meta.internal.mtags.MtagsEnrichments$XtensionURIMtags.toAbsolutePath(MtagsEnrichments.scala:131)
	at scala.meta.internal.mtags.MtagsEnrichments$XtensionStringMtags.toAbsolutePath(MtagsEnrichments.scala:187)
	at scala.meta.internal.metals.MetalsEnrichments$XtensionString.toAbsolutePath(MetalsEnrichments.scala:706)
	at scala.meta.internal.metals.MetalsEnrichments$XtensionString.toAbsolutePath(MetalsEnrichments.scala:703)
	at scala.meta.internal.metals.WorkspaceLspService.didFocus(WorkspaceLspService.scala:627)
	at scala.meta.metals.lsp.DelegatingScalaService.didFocus(DelegatingScalaService.scala:43)
	... 16 more

2024.04.15 22:58:47 INFO  skipping build import with status 'Installed'[0m
