2024.03.29 18:07:37 INFO  Started: Metals version 1.2.2 in folders '/home/arp/dev/comp4121/assignments/assignment2' for client Visual Studio Code 1.87.2.[0m
18:07:39.838 [pool-1-thread-1] INFO org.flywaydb.core.internal.license.VersionPrinter -- Flyway Community Edition 9.22.3 by Redgate
18:07:39.849 [pool-1-thread-1] INFO org.flywaydb.core.internal.license.VersionPrinter -- See release notes here: https://rd.gt/416ObMi
18:07:39.850 [pool-1-thread-1] INFO org.flywaydb.core.internal.license.VersionPrinter -- 
18:07:39.859 [pool-1-thread-1] DEBUG org.flywaydb.core.internal.scanner.classpath.ClassPathScanner -- Scanning for classpath resources at 'classpath:db/callback' ...
18:07:39.859 [pool-1-thread-1] DEBUG org.flywaydb.core.internal.scanner.classpath.ClassPathScanner -- Determining location urls for classpath:db/callback using ClassLoader jdk.internal.loader.ClassLoaders$AppClassLoader@277050dc ...
18:07:39.859 [pool-1-thread-1] DEBUG org.flywaydb.core.internal.scanner.classpath.ClassPathScanner -- Unable to resolve location classpath:db/callback.
18:07:39.859 [pool-1-thread-1] DEBUG org.flywaydb.core.internal.scanner.classpath.ClassPathScanner -- Scanning for classpath resources at 'classpath:db/migration' ...
18:07:39.859 [pool-1-thread-1] DEBUG org.flywaydb.core.internal.scanner.classpath.ClassPathScanner -- Determining location urls for classpath:db/migration using ClassLoader jdk.internal.loader.ClassLoaders$AppClassLoader@277050dc ...
18:07:39.860 [pool-1-thread-1] DEBUG org.flywaydb.core.internal.scanner.classpath.ClassPathScanner -- Scanning URL: jar:file:/home/arp/.cache/coursier/v1/https/repo1.maven.org/maven2/org/scalameta/metals_2.13/1.2.2/metals_2.13-1.2.2.jar!/db/migration
18:07:39.869 [pool-1-thread-1] DEBUG org.flywaydb.core.internal.scanner.classpath.ClassPathScanner -- Found resource: db/migration/
18:07:39.870 [pool-1-thread-1] DEBUG org.flywaydb.core.internal.scanner.classpath.ClassPathScanner -- Found resource: db/migration/V1__Create_tables.sql
18:07:39.870 [pool-1-thread-1] DEBUG org.flywaydb.core.internal.scanner.classpath.ClassPathScanner -- Found resource: db/migration/V2__Server_discovery.sql
18:07:39.870 [pool-1-thread-1] DEBUG org.flywaydb.core.internal.scanner.classpath.ClassPathScanner -- Found resource: db/migration/V3__Jar_symbols.sql
18:07:39.870 [pool-1-thread-1] DEBUG org.flywaydb.core.internal.scanner.classpath.ClassPathScanner -- Found resource: db/migration/V4__Fingerprints.sql
18:07:39.870 [pool-1-thread-1] DEBUG org.flywaydb.core.internal.scanner.classpath.ClassPathScanner -- Scanning for classes at classpath:db/migration
18:07:39.876 [pool-1-thread-1] DEBUG org.flywaydb.core.internal.scanner.Scanner -- Filtering out resource: db/migration/ (filename: )
18:07:39.876 [pool-1-thread-1] DEBUG org.flywaydb.core.internal.resource.ResourceNameValidator -- Validating V3__Jar_symbols.sql
18:07:39.877 [pool-1-thread-1] DEBUG org.flywaydb.core.internal.resource.ResourceNameValidator -- Validating V2__Server_discovery.sql
18:07:39.877 [pool-1-thread-1] DEBUG org.flywaydb.core.internal.resource.ResourceNameValidator -- Validating V1__Create_tables.sql
18:07:39.877 [pool-1-thread-1] DEBUG org.flywaydb.core.internal.resource.ResourceNameValidator -- Validating V4__Fingerprints.sql
18:07:39.984 [pool-1-thread-1] INFO org.flywaydb.core.FlywayExecutor -- Database: jdbc:h2:file:/home/arp/dev/comp4121/assignments/assignment2/.metals/metals (H2 2.2)
18:07:39.984 [pool-1-thread-1] DEBUG org.flywaydb.core.FlywayExecutor -- Driver: H2 JDBC Driver 2.2.224 (2023-09-17)
18:07:39.984 [pool-1-thread-1] DEBUG org.flywaydb.core.FlywayExecutor -- DDL Transactions Supported: false
18:07:39.987 [pool-1-thread-1] DEBUG org.flywaydb.core.internal.schemahistory.SchemaHistoryFactory -- Schemas: 
18:07:39.987 [pool-1-thread-1] DEBUG org.flywaydb.core.internal.schemahistory.SchemaHistoryFactory -- Default schema: null
18:07:39.993 [pool-1-thread-1] WARN org.flywaydb.core.internal.database.base.Database -- Flyway upgrade recommended: H2 2.2.224 is newer than this version of Flyway and support has not been tested. The latest supported version of H2 is 2.2.220.
18:07:39.995 [pool-1-thread-1] DEBUG org.flywaydb.core.internal.callback.SqlScriptCallbackFactory -- Scanning for SQL callbacks ...
18:07:39.995 [pool-1-thread-1] DEBUG org.flywaydb.core.internal.scanner.Scanner -- Filtering out resource: db/migration/ (filename: )
18:07:40.011 [pool-1-thread-1] DEBUG org.flywaydb.core.internal.command.DbValidate -- Validating migrations ...
18:07:40.018 [pool-1-thread-1] DEBUG org.flywaydb.core.internal.scanner.Scanner -- Filtering out resource: db/migration/ (filename: )
18:07:40.028 [pool-1-thread-1] DEBUG org.flywaydb.core.internal.scanner.Scanner -- Filtering out resource: db/migration/V3__Jar_symbols.sql (filename: V3__Jar_symbols.sql)
18:07:40.028 [pool-1-thread-1] DEBUG org.flywaydb.core.internal.scanner.Scanner -- Filtering out resource: db/migration/V2__Server_discovery.sql (filename: V2__Server_discovery.sql)
18:07:40.028 [pool-1-thread-1] DEBUG org.flywaydb.core.internal.scanner.Scanner -- Filtering out resource: db/migration/V1__Create_tables.sql (filename: V1__Create_tables.sql)
18:07:40.028 [pool-1-thread-1] DEBUG org.flywaydb.core.internal.scanner.Scanner -- Filtering out resource: db/migration/V4__Fingerprints.sql (filename: V4__Fingerprints.sql)
18:07:40.029 [pool-1-thread-1] DEBUG org.flywaydb.core.internal.scanner.Scanner -- Filtering out resource: db/migration/ (filename: )
18:07:40.030 [pool-1-thread-1] DEBUG org.flywaydb.core.internal.scanner.Scanner -- Filtering out resource: db/migration/V3__Jar_symbols.sql (filename: V3__Jar_symbols.sql)
18:07:40.030 [pool-1-thread-1] DEBUG org.flywaydb.core.internal.scanner.Scanner -- Filtering out resource: db/migration/V2__Server_discovery.sql (filename: V2__Server_discovery.sql)
18:07:40.030 [pool-1-thread-1] DEBUG org.flywaydb.core.internal.scanner.Scanner -- Filtering out resource: db/migration/V1__Create_tables.sql (filename: V1__Create_tables.sql)
18:07:40.030 [pool-1-thread-1] DEBUG org.flywaydb.core.internal.scanner.Scanner -- Filtering out resource: db/migration/V4__Fingerprints.sql (filename: V4__Fingerprints.sql)
18:07:40.030 [pool-1-thread-1] DEBUG org.flywaydb.core.internal.scanner.Scanner -- Filtering out resource: db/migration/ (filename: )
18:07:40.033 [pool-1-thread-1] INFO org.flywaydb.core.internal.schemahistory.JdbcTableSchemaHistory -- Schema history table "PUBLIC"."flyway_schema_history" does not exist yet
18:07:40.038 [pool-1-thread-1] INFO org.flywaydb.core.internal.command.DbValidate -- Successfully validated 4 migrations (execution time 00:00.025s)
18:07:40.042 [pool-1-thread-1] DEBUG org.flywaydb.core.internal.command.DbSchemas -- Skipping creation of existing schema: "PUBLIC"
18:07:40.051 [pool-1-thread-1] INFO org.flywaydb.core.internal.schemahistory.JdbcTableSchemaHistory -- Creating Schema History table "PUBLIC"."flyway_schema_history" ...
18:07:40.056 [pool-1-thread-1] DEBUG org.flywaydb.core.internal.parser.Parser -- Parsing  ...
18:07:40.067 [pool-1-thread-1] DEBUG org.flywaydb.core.internal.sqlscript.ParserSqlScript -- Found statement at line 1: CREATE TABLE IF NOT EXISTS "PUBLIC"."flyway_schema_history" (
    "installed_rank" INT NOT NULL,
    "version" VARCHAR(50),
    "description" VARCHAR(200) NOT NULL,
    "type" VARCHAR(20) NOT NULL,
    "script" VARCHAR(1000) NOT NULL,
    "checksum" INT,
    "installed_by" VARCHAR(100) NOT NULL,
    "installed_on" TIMESTAMP NOT NULL DEFAULT CURRENT_TIMESTAMP,
    "execution_time" INT NOT NULL,
    "success" BOOLEAN NOT NULL,
    CONSTRAINT "flyway_schema_history_pk" PRIMARY KEY ("installed_rank")
) AS SELECT -1, NULL, '<< Flyway Schema History table created >>', 'TABLE', '', NULL, 'SA', CURRENT_TIMESTAMP, 0, TRUE
18:07:40.068 [pool-1-thread-1] DEBUG org.flywaydb.core.internal.sqlscript.ParserSqlScript -- Found statement at line 14: CREATE INDEX "PUBLIC"."flyway_schema_history_s_idx" ON "PUBLIC"."flyway_schema_history" ("success")
18:07:40.068 [pool-1-thread-1] DEBUG org.flywaydb.core.internal.sqlscript.DefaultSqlScriptExecutor -- Executing SQL: CREATE TABLE IF NOT EXISTS "PUBLIC"."flyway_schema_history" (
    "installed_rank" INT NOT NULL,
    "version" VARCHAR(50),
    "description" VARCHAR(200) NOT NULL,
    "type" VARCHAR(20) NOT NULL,
    "script" VARCHAR(1000) NOT NULL,
    "checksum" INT,
    "installed_by" VARCHAR(100) NOT NULL,
    "installed_on" TIMESTAMP NOT NULL DEFAULT CURRENT_TIMESTAMP,
    "execution_time" INT NOT NULL,
    "success" BOOLEAN NOT NULL,
    CONSTRAINT "flyway_schema_history_pk" PRIMARY KEY ("installed_rank")
) AS SELECT -1, NULL, '<< Flyway Schema History table created >>', 'TABLE', '', NULL, 'SA', CURRENT_TIMESTAMP, 0, TRUE
18:07:40.072 [pool-1-thread-1] DEBUG org.flywaydb.core.internal.sqlscript.DefaultSqlScriptExecutor -- 0 rows affected
18:07:40.073 [pool-1-thread-1] DEBUG org.flywaydb.core.internal.sqlscript.DefaultSqlScriptExecutor -- Executing SQL: CREATE INDEX "PUBLIC"."flyway_schema_history_s_idx" ON "PUBLIC"."flyway_schema_history" ("success")
18:07:40.075 [pool-1-thread-1] DEBUG org.flywaydb.core.internal.sqlscript.DefaultSqlScriptExecutor -- 0 rows affected
18:07:40.076 [pool-1-thread-1] DEBUG org.flywaydb.core.internal.schemahistory.JdbcTableSchemaHistory -- Created Schema History table "PUBLIC"."flyway_schema_history"
18:07:40.083 [pool-1-thread-1] INFO org.flywaydb.core.internal.command.DbMigrate -- Current version of schema "PUBLIC": << Empty Schema >>
18:07:40.084 [pool-1-thread-1] DEBUG org.flywaydb.core.internal.parser.Parser -- Parsing V1__Create_tables.sql ...
18:07:40.085 [pool-1-thread-1] DEBUG org.flywaydb.core.internal.sqlscript.ParserSqlScript -- Found statement at line 4: -- The relationship between library dependency sources under .metals/readonly/**
-- and build targets they belong to. Required to know what classpath to use
-- for compiling dependency sources.
create table dependency_source(
  text_document_uri varchar primary key,
  build_target_uri varchar not null
)
18:07:40.086 [pool-1-thread-1] DEBUG org.flywaydb.core.internal.sqlscript.ParserSqlScript -- Found statement at line 12: -- The relationship between library dependency sources under .metals/readonly/**
-- and worksheets they belong to. Required to know what classpath to use
-- for compiling dependency sources.
create table worksheet_dependency_source(
  text_document_uri varchar primary key,
  worksheet_uri varchar not null
)
18:07:40.088 [pool-1-thread-1] DEBUG org.flywaydb.core.internal.sqlscript.ParserSqlScript -- Found statement at line 19: -- The relationship between what library dependency sources under .metals/readonly/**
-- map to which build targets.
create table sbt_digest(
  md5 varchar,
  status tinyint not null,
  when_recorded timestamp
)
18:07:40.088 [pool-1-thread-1] DEBUG org.flywaydb.core.internal.sqlscript.ParserSqlScript -- Found statement at line 27: -- Which window/showMessage and window/showMessageRequest dialogues have been dismissed
-- by the user via "Don't show again" or closed by clicking on "x".
create table dismissed_notification(
  id int,
  when_dismissed timestamp,
  when_expires timestamp
)
18:07:40.089 [pool-1-thread-1] DEBUG org.flywaydb.core.internal.sqlscript.ParserSqlScript -- Found statement at line 34: -- The choice of build tool when multiple build tool files are found in a workspace
create table chosen_build_tool(
  build_tool varchar primary key
)
18:07:40.091 [pool-1-thread-1] DEBUG org.flywaydb.core.internal.command.DbMigrate -- Starting migration of schema "PUBLIC" to version "1 - Create tables" ...
18:07:40.092 [pool-1-thread-1] INFO org.flywaydb.core.internal.command.DbMigrate -- Migrating schema "PUBLIC" to version "1 - Create tables"
18:07:40.093 [pool-1-thread-1] DEBUG org.flywaydb.core.internal.sqlscript.DefaultSqlScriptExecutor -- Executing SQL: -- The relationship between library dependency sources under .metals/readonly/**
-- and build targets they belong to. Required to know what classpath to use
-- for compiling dependency sources.
create table dependency_source(
  text_document_uri varchar primary key,
  build_target_uri varchar not null
)
18:07:40.095 [pool-1-thread-1] DEBUG org.flywaydb.core.internal.sqlscript.DefaultSqlScriptExecutor -- 0 rows affected
18:07:40.095 [pool-1-thread-1] DEBUG org.flywaydb.core.internal.sqlscript.DefaultSqlScriptExecutor -- Executing SQL: -- The relationship between library dependency sources under .metals/readonly/**
-- and worksheets they belong to. Required to know what classpath to use
-- for compiling dependency sources.
create table worksheet_dependency_source(
  text_document_uri varchar primary key,
  worksheet_uri varchar not null
)
18:07:40.097 [pool-1-thread-1] DEBUG org.flywaydb.core.internal.sqlscript.DefaultSqlScriptExecutor -- 0 rows affected
18:07:40.098 [pool-1-thread-1] DEBUG org.flywaydb.core.internal.sqlscript.DefaultSqlScriptExecutor -- Executing SQL: -- The relationship between what library dependency sources under .metals/readonly/**
-- map to which build targets.
create table sbt_digest(
  md5 varchar,
  status tinyint not null,
  when_recorded timestamp
)
18:07:40.098 [pool-1-thread-1] DEBUG org.flywaydb.core.internal.sqlscript.DefaultSqlScriptExecutor -- 0 rows affected
18:07:40.098 [pool-1-thread-1] DEBUG org.flywaydb.core.internal.sqlscript.DefaultSqlScriptExecutor -- Executing SQL: -- Which window/showMessage and window/showMessageRequest dialogues have been dismissed
-- by the user via "Don't show again" or closed by clicking on "x".
create table dismissed_notification(
  id int,
  when_dismissed timestamp,
  when_expires timestamp
)
18:07:40.099 [pool-1-thread-1] DEBUG org.flywaydb.core.internal.sqlscript.DefaultSqlScriptExecutor -- 0 rows affected
18:07:40.099 [pool-1-thread-1] DEBUG org.flywaydb.core.internal.sqlscript.DefaultSqlScriptExecutor -- Executing SQL: -- The choice of build tool when multiple build tool files are found in a workspace
create table chosen_build_tool(
  build_tool varchar primary key
)
18:07:40.100 [pool-1-thread-1] DEBUG org.flywaydb.core.internal.sqlscript.DefaultSqlScriptExecutor -- 0 rows affected
18:07:40.100 [pool-1-thread-1] DEBUG org.flywaydb.core.internal.command.DbMigrate -- Successfully completed migration of schema "PUBLIC" to version "1 - Create tables"
18:07:40.104 [pool-1-thread-1] DEBUG org.flywaydb.core.internal.schemahistory.JdbcTableSchemaHistory -- Schema History table "PUBLIC"."flyway_schema_history" successfully updated to reflect changes
18:07:40.110 [pool-1-thread-1] DEBUG org.flywaydb.core.internal.parser.Parser -- Parsing V2__Server_discovery.sql ...
18:07:40.112 [pool-1-thread-1] DEBUG org.flywaydb.core.internal.sqlscript.ParserSqlScript -- Found statement at line 4: -- For each unique combination of installed build servers we select one server.
-- The md5 checksum is computed from the names of the installed build servers, and
-- the selected server is the server which the user chose for this workspace.
create table chosen_build_server(
  md5 varchar primary key,
  selected_server varchar,
  when_recorded timestamp
)
18:07:40.112 [pool-1-thread-1] DEBUG org.flywaydb.core.internal.command.DbMigrate -- Starting migration of schema "PUBLIC" to version "2 - Server discovery" ...
18:07:40.113 [pool-1-thread-1] INFO org.flywaydb.core.internal.command.DbMigrate -- Migrating schema "PUBLIC" to version "2 - Server discovery"
18:07:40.113 [pool-1-thread-1] DEBUG org.flywaydb.core.internal.sqlscript.DefaultSqlScriptExecutor -- Executing SQL: -- For each unique combination of installed build servers we select one server.
-- The md5 checksum is computed from the names of the installed build servers, and
-- the selected server is the server which the user chose for this workspace.
create table chosen_build_server(
  md5 varchar primary key,
  selected_server varchar,
  when_recorded timestamp
)
18:07:40.114 [pool-1-thread-1] DEBUG org.flywaydb.core.internal.sqlscript.DefaultSqlScriptExecutor -- 0 rows affected
18:07:40.114 [pool-1-thread-1] DEBUG org.flywaydb.core.internal.command.DbMigrate -- Successfully completed migration of schema "PUBLIC" to version "2 - Server discovery"
18:07:40.116 [pool-1-thread-1] DEBUG org.flywaydb.core.internal.schemahistory.JdbcTableSchemaHistory -- Schema History table "PUBLIC"."flyway_schema_history" successfully updated to reflect changes
18:07:40.118 [pool-1-thread-1] DEBUG org.flywaydb.core.internal.parser.Parser -- Parsing V3__Jar_symbols.sql ...
18:07:40.119 [pool-1-thread-1] DEBUG org.flywaydb.core.internal.sqlscript.ParserSqlScript -- Found statement at line 2: -- Indexed jars, the MD5 digest of path, modified time and size as key
create table indexed_jar(
  id int auto_increment unique,
  md5 varchar primary key
)
18:07:40.120 [pool-1-thread-1] DEBUG org.flywaydb.core.internal.sqlscript.ParserSqlScript -- Found statement at line 7: -- Top Level Symbols per jar, allow for multiple jars with same symbols and paths
create table toplevel_symbol(
  symbol varchar not null,
  path varchar not null,
  jar int,
  foreign key (jar) references indexed_jar (id) on delete cascade,
  primary key (jar, path, symbol)
)
18:07:40.121 [pool-1-thread-1] DEBUG org.flywaydb.core.internal.sqlscript.ParserSqlScript -- Found statement at line 15: -- Create index to speedup lookup of jar symbols
create index toplevel_symbol_jar on toplevel_symbol(jar)
18:07:40.121 [pool-1-thread-1] DEBUG org.flywaydb.core.internal.command.DbMigrate -- Starting migration of schema "PUBLIC" to version "3 - Jar symbols" ...
18:07:40.122 [pool-1-thread-1] INFO org.flywaydb.core.internal.command.DbMigrate -- Migrating schema "PUBLIC" to version "3 - Jar symbols"
18:07:40.122 [pool-1-thread-1] DEBUG org.flywaydb.core.internal.sqlscript.DefaultSqlScriptExecutor -- Executing SQL: -- Indexed jars, the MD5 digest of path, modified time and size as key
create table indexed_jar(
  id int auto_increment unique,
  md5 varchar primary key
)
18:07:40.125 [pool-1-thread-1] DEBUG org.flywaydb.core.internal.sqlscript.DefaultSqlScriptExecutor -- 0 rows affected
18:07:40.125 [pool-1-thread-1] DEBUG org.flywaydb.core.internal.sqlscript.DefaultSqlScriptExecutor -- Executing SQL: -- Top Level Symbols per jar, allow for multiple jars with same symbols and paths
create table toplevel_symbol(
  symbol varchar not null,
  path varchar not null,
  jar int,
  foreign key (jar) references indexed_jar (id) on delete cascade,
  primary key (jar, path, symbol)
)
18:07:40.129 [pool-1-thread-1] DEBUG org.flywaydb.core.internal.sqlscript.DefaultSqlScriptExecutor -- 0 rows affected
18:07:40.129 [pool-1-thread-1] DEBUG org.flywaydb.core.internal.sqlscript.DefaultSqlScriptExecutor -- Executing SQL: -- Create index to speedup lookup of jar symbols
create index toplevel_symbol_jar on toplevel_symbol(jar)
18:07:40.130 [pool-1-thread-1] DEBUG org.flywaydb.core.internal.sqlscript.DefaultSqlScriptExecutor -- 0 rows affected
18:07:40.130 [pool-1-thread-1] DEBUG org.flywaydb.core.internal.command.DbMigrate -- Successfully completed migration of schema "PUBLIC" to version "3 - Jar symbols"
18:07:40.131 [pool-1-thread-1] DEBUG org.flywaydb.core.internal.schemahistory.JdbcTableSchemaHistory -- Schema History table "PUBLIC"."flyway_schema_history" successfully updated to reflect changes
18:07:40.133 [pool-1-thread-1] DEBUG org.flywaydb.core.internal.parser.Parser -- Parsing V4__Fingerprints.sql ...
18:07:40.134 [pool-1-thread-1] DEBUG org.flywaydb.core.internal.sqlscript.ParserSqlScript -- Found statement at line 2: -- Fingerprints saved between invocations
create table fingerprints(
  path varchar not null,
  text varchar not null,
  md5 varchar not null,
  id int auto_increment unique
)
18:07:40.134 [pool-1-thread-1] DEBUG org.flywaydb.core.internal.command.DbMigrate -- Starting migration of schema "PUBLIC" to version "4 - Fingerprints" ...
18:07:40.135 [pool-1-thread-1] INFO org.flywaydb.core.internal.command.DbMigrate -- Migrating schema "PUBLIC" to version "4 - Fingerprints"
18:07:40.135 [pool-1-thread-1] DEBUG org.flywaydb.core.internal.sqlscript.DefaultSqlScriptExecutor -- Executing SQL: -- Fingerprints saved between invocations
create table fingerprints(
  path varchar not null,
  text varchar not null,
  md5 varchar not null,
  id int auto_increment unique
)
18:07:40.136 [pool-1-thread-1] DEBUG org.flywaydb.core.internal.sqlscript.DefaultSqlScriptExecutor -- 0 rows affected
18:07:40.136 [pool-1-thread-1] DEBUG org.flywaydb.core.internal.command.DbMigrate -- Successfully completed migration of schema "PUBLIC" to version "4 - Fingerprints"
18:07:40.137 [pool-1-thread-1] DEBUG org.flywaydb.core.internal.schemahistory.JdbcTableSchemaHistory -- Schema History table "PUBLIC"."flyway_schema_history" successfully updated to reflect changes
18:07:40.142 [pool-1-thread-1] INFO org.flywaydb.core.internal.command.DbMigrate -- Successfully applied 4 migrations to schema "PUBLIC", now at version v4 (execution time 00:00.022s)
18:07:40.161 [pool-1-thread-1] DEBUG org.flywaydb.core.FlywayExecutor -- Memory usage: 30 of 100M
2024.03.29 18:07:40 WARN  Build server is not auto-connectable.[0m
2024.03.29 18:07:54 INFO  no build target found for /home/arp/dev/comp4121/assignments/assignment2/src/amyc/parsing/Lexer.scala. Using presentation compiler with project's scala-library version: 3.3.1[0m
Mar 29, 2024 6:07:55 PM org.eclipse.lsp4j.jsonrpc.RemoteEndpoint handleCancellation
WARNING: Unmatched cancel notification for request id 2
Mar 29, 2024 6:07:55 PM org.eclipse.lsp4j.jsonrpc.RemoteEndpoint handleCancellation
WARNING: Unmatched cancel notification for request id 8
2024.03.29 18:07:55 INFO  running '/home/arp/.local/share/coursier/bin/sbt -Dbloop.export-jar-classifiers=sources bloopInstall'[0m
2024.03.29 18:07:55 WARN  no build target for: /home/arp/dev/comp4121/assignments/assignment2/project/project/metals.sbt[0m
2024.03.29 18:07:55 WARN  no build target for: /home/arp/dev/comp4121/assignments/assignment2/project/metals.sbt[0m
2024.03.29 18:07:55 INFO  skipping build import with status 'Started'[0m
2024.03.29 18:07:57 INFO  time: code lens generation in 16s[0m
2024.03.29 18:07:57 INFO  time: code lens generation in 2.49s[0m
2024.03.29 18:07:57 INFO  time: code lens generation in 2.49s[0m
2024.03.29 18:07:58 INFO  [info] welcome to sbt 1.5.5 (Eclipse Adoptium Java 11.0.22)[0m
2024.03.29 18:08:00 INFO  [info] loading settings for project assignment2-build-build from metals.sbt ...[0m
2024.03.29 18:08:01 INFO  [info] loading project definition from /home/arp/dev/comp4121/assignments/assignment2/project/project[0m
2024.03.29 18:08:05 INFO  [info] loading settings for project assignment2-build from metals.sbt ...[0m
2024.03.29 18:08:05 INFO  [info] loading project definition from /home/arp/dev/comp4121/assignments/assignment2/project[0m
2024.03.29 18:08:14 INFO  [success] Generated .bloop/assignment2-build.json[0m
2024.03.29 18:08:16 INFO  [info] compiling 1 Scala source to /home/arp/dev/comp4121/assignments/assignment2/project/target/scala-2.12/sbt-1.0/classes ...[0m
2024.03.29 18:08:20 INFO  [warn] /home/arp/dev/comp4121/assignments/assignment2/project/StudentPlugin.scala:31:34: method in in trait ScopingSetting is deprecated (since 1.5.0): `in` is deprecated; migrate to slash syntax - https://www.scala-sbt.org/1.x/docs/Migrating-from-sbt-013x.html#slash[0m
2024.03.29 18:08:20 INFO  [warn]       val binaries = (packageBin in Compile).value[0m
2024.03.29 18:08:20 INFO  [warn]                                  ^[0m
2024.03.29 18:08:20 INFO  [warn] /home/arp/dev/comp4121/assignments/assignment2/project/StudentPlugin.scala:30:41: method in in trait ScopingSetting is deprecated (since 1.5.0): `in` is deprecated; migrate to slash syntax - https://www.scala-sbt.org/1.x/docs/Migrating-from-sbt-013x.html#slash[0m
2024.03.29 18:08:20 INFO  [warn]       val sources = (packageSourcesOnly in Compile).value[0m
2024.03.29 18:08:20 INFO  [warn]                                         ^[0m
2024.03.29 18:08:20 INFO  [warn] /home/arp/dev/comp4121/assignments/assignment2/project/StudentPlugin.scala:32:10: method zip in object IO is deprecated (since 1.3.2): Please specify whether to use a static timestamp[0m
2024.03.29 18:08:20 INFO  [warn]       IO.zip(Seq(sources -> "sources.zip", binaries -> "binaries.jar"), submission)[0m
2024.03.29 18:08:20 INFO  [warn]          ^[0m
2024.03.29 18:08:20 INFO  [warn] /home/arp/dev/comp4121/assignments/assignment2/project/StudentPlugin.scala:36:14: method in in trait ScopingSetting is deprecated (since 1.5.0): `in` is deprecated; migrate to slash syntax - https://www.scala-sbt.org/1.x/docs/Migrating-from-sbt-013x.html#slash[0m
2024.03.29 18:08:20 INFO  [warn]     mappings in (Compile, packageBin) := {[0m
2024.03.29 18:08:20 INFO  [warn]              ^[0m
2024.03.29 18:08:20 INFO  [warn] /home/arp/dev/comp4121/assignments/assignment2/project/StudentPlugin.scala:39:17: method in in trait ScopingSetting is deprecated (since 1.5.0): `in` is deprecated; migrate to slash syntax - https://www.scala-sbt.org/1.x/docs/Migrating-from-sbt-013x.html#slash[0m
2024.03.29 18:08:20 INFO  [warn]       (mappings in (Compile, packageBin)).value.filterNot { case (_, path) => relativePaths.contains(path) }[0m
2024.03.29 18:08:20 INFO  [warn]                 ^[0m
2024.03.29 18:08:20 INFO  [warn] /home/arp/dev/comp4121/assignments/assignment2/project/StudentPlugin.scala:38:101: method in in trait ScopingSetting is deprecated (since 1.5.0): `in` is deprecated; migrate to slash syntax - https://www.scala-sbt.org/1.x/docs/Migrating-from-sbt-013x.html#slash[0m
2024.03.29 18:08:20 INFO  [warn]         (unmanagedResources in Compile).value.flatMap(Path.relativeTo((unmanagedResourceDirectories in Compile).value)(_))[0m
2024.03.29 18:08:20 INFO  [warn]                                                                                                     ^[0m
2024.03.29 18:08:20 INFO  [warn] /home/arp/dev/comp4121/assignments/assignment2/project/StudentPlugin.scala:38:29: method in in trait ScopingSetting is deprecated (since 1.5.0): `in` is deprecated; migrate to slash syntax - https://www.scala-sbt.org/1.x/docs/Migrating-from-sbt-013x.html#slash[0m
2024.03.29 18:08:20 INFO  [warn]         (unmanagedResources in Compile).value.flatMap(Path.relativeTo((unmanagedResourceDirectories in Compile).value)(_))[0m
2024.03.29 18:08:20 INFO  [warn]                             ^[0m
2024.03.29 18:08:20 INFO  [warn] /home/arp/dev/comp4121/assignments/assignment2/project/StudentPlugin.scala:41:24: method in in trait ScopingSetting is deprecated (since 1.5.0): `in` is deprecated; migrate to slash syntax - https://www.scala-sbt.org/1.x/docs/Migrating-from-sbt-013x.html#slash[0m
2024.03.29 18:08:20 INFO  [warn]     artifactClassifier in packageSourcesOnly := Some("sources")[0m
2024.03.29 18:08:20 INFO  [warn]                        ^[0m
2024.03.29 18:08:20 INFO  [warn] /home/arp/dev/comp4121/assignments/assignment2/project/StudentPlugin.scala:88:37: method in in trait ScopingSetting is deprecated (since 1.5.0): `in` is deprecated; migrate to slash syntax - https://www.scala-sbt.org/1.x/docs/Migrating-from-sbt-013x.html#slash[0m
2024.03.29 18:08:20 INFO  [warn]     val jar = (packageSubmissionZip in Compile).value[0m
2024.03.29 18:08:20 INFO  [warn]                                     ^[0m
2024.03.29 18:08:20 INFO  [warn] 9 warnings found[0m
2024.03.29 18:08:20 INFO  [info] done compiling[0m
2024.03.29 18:08:20 INFO  [success] Total time: 16 s, completed Mar 29, 2024, 6:08:21 PM[0m
2024.03.29 18:08:22 ERROR /home/arp/dev/comp4121/assignments/assignment2/build.sbt:11: warning: method in in trait ScopingSetting is deprecated (since 1.5.0): `in` is deprecated; migrate to slash syntax - https://www.scala-sbt.org/1.x/docs/Migrating-from-sbt-013x.html#slash[0m
2024.03.29 18:08:22 ERROR     scalaSource in Compile := baseDirectory.value / "src",[0m
2024.03.29 18:08:22 ERROR                 ^[0m
2024.03.29 18:08:22 ERROR /home/arp/dev/comp4121/assignments/assignment2/build.sbt:14: warning: method in in trait ScopingSetting is deprecated (since 1.5.0): `in` is deprecated; migrate to slash syntax - https://www.scala-sbt.org/1.x/docs/Migrating-from-sbt-013x.html#slash[0m
2024.03.29 18:08:22 ERROR     scalaSource in Test := baseDirectory.value / "test" / "scala",[0m
2024.03.29 18:08:22 ERROR                 ^[0m
2024.03.29 18:08:22 ERROR /home/arp/dev/comp4121/assignments/assignment2/build.sbt:15: warning: method in in trait ScopingSetting is deprecated (since 1.5.0): `in` is deprecated; migrate to slash syntax - https://www.scala-sbt.org/1.x/docs/Migrating-from-sbt-013x.html#slash[0m
2024.03.29 18:08:22 ERROR     parallelExecution in Test := false,[0m
2024.03.29 18:08:22 ERROR                       ^[0m
2024.03.29 18:08:22 INFO  [info] loading settings for project amyc from build.sbt ...[0m
2024.03.29 18:08:22 INFO  [info] set current project to amyc (in build file:/home/arp/dev/comp4121/assignments/assignment2/)[0m
2024.03.29 18:08:22 INFO  [success] Generated .bloop/amyc.json[0m
2024.03.29 18:08:22 INFO  [success] Generated .bloop/amyc-test.json[0m
2024.03.29 18:08:22 INFO  [success] Total time: 0 s, completed Mar 29, 2024, 6:08:22 PM[0m
2024.03.29 18:08:23 INFO  time: ran 'sbt bloopInstall' in 27s[0m
2024.03.29 18:08:23 INFO  Attempting to connect to the build server...[0m
2024.03.29 18:08:23 INFO  Bloop uses /home/arp/.cache/coursier/arc/https/github.com/adoptium/temurin11-binaries/releases/download/jdk-11.0.22%252B7/OpenJDK11U-jdk_x64_linux_hotspot_11.0.22_7.tar.gz/jdk-11.0.22+7 defined at /home/arp/.bloop/bloop.json[0m
2024.03.29 18:08:25 INFO  tracing is disabled for protocol BSP, to enable tracing of incoming and outgoing JSON messages create an empty file at /home/arp/dev/comp4121/assignments/assignment2/.metals/bsp.trace.json or /home/arp/.cache/metals/bsp.trace.json[0m
2024.03.29 18:08:25 INFO  Attempting to connect to the build server...[0m
2024.03.29 18:08:25 INFO  Bloop uses /home/arp/.cache/coursier/arc/https/github.com/adoptium/temurin11-binaries/releases/download/jdk-11.0.22%252B7/OpenJDK11U-jdk_x64_linux_hotspot_11.0.22_7.tar.gz/jdk-11.0.22+7 defined at /home/arp/.bloop/bloop.json[0m
2024.03.29 18:08:25 INFO  tracing is disabled for protocol BSP, to enable tracing of incoming and outgoing JSON messages create an empty file at /home/arp/dev/comp4121/assignments/assignment2/project/.metals/bsp.trace.json or /home/arp/.cache/metals/bsp.trace.json[0m
2024.03.29 18:08:46 ERROR Timeout waiting for 'build/initialize' response[0m
2024.03.29 18:08:46 WARN  Retrying connection to the build server Bloop[0m
2024.03.29 18:08:46 INFO  Bloop uses /home/arp/.cache/coursier/arc/https/github.com/adoptium/temurin11-binaries/releases/download/jdk-11.0.22%252B7/OpenJDK11U-jdk_x64_linux_hotspot_11.0.22_7.tar.gz/jdk-11.0.22+7 defined at /home/arp/.bloop/bloop.json[0m
2024.03.29 18:08:46 INFO  tracing is disabled for protocol BSP, to enable tracing of incoming and outgoing JSON messages create an empty file at /home/arp/dev/comp4121/assignments/assignment2/project/.metals/bsp.trace.json or /home/arp/.cache/metals/bsp.trace.json[0m
2024.03.29 18:09:06 ERROR Timeout waiting for 'build/initialize' response[0m
2024.03.29 18:09:06 WARN  Retrying connection to the build server Bloop[0m
2024.03.29 18:09:06 INFO  Bloop uses /home/arp/.cache/coursier/arc/https/github.com/adoptium/temurin11-binaries/releases/download/jdk-11.0.22%252B7/OpenJDK11U-jdk_x64_linux_hotspot_11.0.22_7.tar.gz/jdk-11.0.22+7 defined at /home/arp/.bloop/bloop.json[0m
2024.03.29 18:09:06 INFO  tracing is disabled for protocol BSP, to enable tracing of incoming and outgoing JSON messages create an empty file at /home/arp/dev/comp4121/assignments/assignment2/project/.metals/bsp.trace.json or /home/arp/.cache/metals/bsp.trace.json[0m
2024.03.29 18:09:26 ERROR Timeout waiting for 'build/initialize' response[0m
2024.03.29 18:09:26 WARN  Retrying connection to the build server Bloop[0m
2024.03.29 18:09:26 INFO  Bloop uses /home/arp/.cache/coursier/arc/https/github.com/adoptium/temurin11-binaries/releases/download/jdk-11.0.22%252B7/OpenJDK11U-jdk_x64_linux_hotspot_11.0.22_7.tar.gz/jdk-11.0.22+7 defined at /home/arp/.bloop/bloop.json[0m
2024.03.29 18:09:26 INFO  tracing is disabled for protocol BSP, to enable tracing of incoming and outgoing JSON messages create an empty file at /home/arp/dev/comp4121/assignments/assignment2/project/.metals/bsp.trace.json or /home/arp/.cache/metals/bsp.trace.json[0m
2024.03.29 18:09:29 INFO  Shutting down server[0m
2024.03.29 18:09:29 INFO  shutting down Metals[0m
2024.03.29 18:09:29 INFO  Exiting server[0m
2024.03.29 20:27:37 INFO  Started: Metals version 1.2.2 in folders '/home/arp/dev/comp4121/assignments/assignment2' for client Visual Studio Code 1.87.2.[0m
20:27:38.247 [pool-1-thread-1] INFO org.flywaydb.core.internal.license.VersionPrinter -- Flyway Community Edition 9.22.3 by Redgate
20:27:38.250 [pool-1-thread-1] INFO org.flywaydb.core.internal.license.VersionPrinter -- See release notes here: https://rd.gt/416ObMi
20:27:38.250 [pool-1-thread-1] INFO org.flywaydb.core.internal.license.VersionPrinter -- 
20:27:38.253 [pool-1-thread-1] DEBUG org.flywaydb.core.internal.scanner.classpath.ClassPathScanner -- Scanning for classpath resources at 'classpath:db/callback' ...
20:27:38.253 [pool-1-thread-1] DEBUG org.flywaydb.core.internal.scanner.classpath.ClassPathScanner -- Determining location urls for classpath:db/callback using ClassLoader jdk.internal.loader.ClassLoaders$AppClassLoader@277050dc ...
20:27:38.253 [pool-1-thread-1] DEBUG org.flywaydb.core.internal.scanner.classpath.ClassPathScanner -- Unable to resolve location classpath:db/callback.
20:27:38.253 [pool-1-thread-1] DEBUG org.flywaydb.core.internal.scanner.classpath.ClassPathScanner -- Scanning for classpath resources at 'classpath:db/migration' ...
20:27:38.253 [pool-1-thread-1] DEBUG org.flywaydb.core.internal.scanner.classpath.ClassPathScanner -- Determining location urls for classpath:db/migration using ClassLoader jdk.internal.loader.ClassLoaders$AppClassLoader@277050dc ...
20:27:38.253 [pool-1-thread-1] DEBUG org.flywaydb.core.internal.scanner.classpath.ClassPathScanner -- Scanning URL: jar:file:/home/arp/.cache/coursier/v1/https/repo1.maven.org/maven2/org/scalameta/metals_2.13/1.2.2/metals_2.13-1.2.2.jar!/db/migration
20:27:38.255 [pool-1-thread-1] DEBUG org.flywaydb.core.internal.scanner.classpath.ClassPathScanner -- Found resource: db/migration/
20:27:38.255 [pool-1-thread-1] DEBUG org.flywaydb.core.internal.scanner.classpath.ClassPathScanner -- Found resource: db/migration/V1__Create_tables.sql
20:27:38.255 [pool-1-thread-1] DEBUG org.flywaydb.core.internal.scanner.classpath.ClassPathScanner -- Found resource: db/migration/V2__Server_discovery.sql
20:27:38.255 [pool-1-thread-1] DEBUG org.flywaydb.core.internal.scanner.classpath.ClassPathScanner -- Found resource: db/migration/V3__Jar_symbols.sql
20:27:38.256 [pool-1-thread-1] DEBUG org.flywaydb.core.internal.scanner.classpath.ClassPathScanner -- Found resource: db/migration/V4__Fingerprints.sql
20:27:38.256 [pool-1-thread-1] DEBUG org.flywaydb.core.internal.scanner.classpath.ClassPathScanner -- Scanning for classes at classpath:db/migration
20:27:38.260 [pool-1-thread-1] DEBUG org.flywaydb.core.internal.scanner.Scanner -- Filtering out resource: db/migration/ (filename: )
20:27:38.260 [pool-1-thread-1] DEBUG org.flywaydb.core.internal.resource.ResourceNameValidator -- Validating V3__Jar_symbols.sql
20:27:38.261 [pool-1-thread-1] DEBUG org.flywaydb.core.internal.resource.ResourceNameValidator -- Validating V2__Server_discovery.sql
20:27:38.261 [pool-1-thread-1] DEBUG org.flywaydb.core.internal.resource.ResourceNameValidator -- Validating V1__Create_tables.sql
20:27:38.261 [pool-1-thread-1] DEBUG org.flywaydb.core.internal.resource.ResourceNameValidator -- Validating V4__Fingerprints.sql
20:27:38.349 [pool-1-thread-1] INFO org.flywaydb.core.FlywayExecutor -- Database: jdbc:h2:file:/home/arp/dev/comp4121/assignments/assignment2/.metals/metals (H2 2.2)
20:27:38.349 [pool-1-thread-1] DEBUG org.flywaydb.core.FlywayExecutor -- Driver: H2 JDBC Driver 2.2.224 (2023-09-17)
20:27:38.349 [pool-1-thread-1] DEBUG org.flywaydb.core.FlywayExecutor -- DDL Transactions Supported: false
20:27:38.350 [pool-1-thread-1] DEBUG org.flywaydb.core.internal.schemahistory.SchemaHistoryFactory -- Schemas: 
20:27:38.351 [pool-1-thread-1] DEBUG org.flywaydb.core.internal.schemahistory.SchemaHistoryFactory -- Default schema: null
20:27:38.356 [pool-1-thread-1] WARN org.flywaydb.core.internal.database.base.Database -- Flyway upgrade recommended: H2 2.2.224 is newer than this version of Flyway and support has not been tested. The latest supported version of H2 is 2.2.220.
20:27:38.358 [pool-1-thread-1] DEBUG org.flywaydb.core.internal.callback.SqlScriptCallbackFactory -- Scanning for SQL callbacks ...
20:27:38.358 [pool-1-thread-1] DEBUG org.flywaydb.core.internal.scanner.Scanner -- Filtering out resource: db/migration/ (filename: )
20:27:38.370 [pool-1-thread-1] DEBUG org.flywaydb.core.internal.command.DbValidate -- Validating migrations ...
20:27:38.376 [pool-1-thread-1] DEBUG org.flywaydb.core.internal.scanner.Scanner -- Filtering out resource: db/migration/ (filename: )
20:27:38.388 [pool-1-thread-1] DEBUG org.flywaydb.core.internal.scanner.Scanner -- Filtering out resource: db/migration/V3__Jar_symbols.sql (filename: V3__Jar_symbols.sql)
20:27:38.388 [pool-1-thread-1] DEBUG org.flywaydb.core.internal.scanner.Scanner -- Filtering out resource: db/migration/V2__Server_discovery.sql (filename: V2__Server_discovery.sql)
20:27:38.388 [pool-1-thread-1] DEBUG org.flywaydb.core.internal.scanner.Scanner -- Filtering out resource: db/migration/V1__Create_tables.sql (filename: V1__Create_tables.sql)
20:27:38.388 [pool-1-thread-1] DEBUG org.flywaydb.core.internal.scanner.Scanner -- Filtering out resource: db/migration/V4__Fingerprints.sql (filename: V4__Fingerprints.sql)
20:27:38.388 [pool-1-thread-1] DEBUG org.flywaydb.core.internal.scanner.Scanner -- Filtering out resource: db/migration/ (filename: )
20:27:38.389 [pool-1-thread-1] DEBUG org.flywaydb.core.internal.scanner.Scanner -- Filtering out resource: db/migration/V3__Jar_symbols.sql (filename: V3__Jar_symbols.sql)
20:27:38.390 [pool-1-thread-1] DEBUG org.flywaydb.core.internal.scanner.Scanner -- Filtering out resource: db/migration/V2__Server_discovery.sql (filename: V2__Server_discovery.sql)
20:27:38.390 [pool-1-thread-1] DEBUG org.flywaydb.core.internal.scanner.Scanner -- Filtering out resource: db/migration/V1__Create_tables.sql (filename: V1__Create_tables.sql)
20:27:38.390 [pool-1-thread-1] DEBUG org.flywaydb.core.internal.scanner.Scanner -- Filtering out resource: db/migration/V4__Fingerprints.sql (filename: V4__Fingerprints.sql)
20:27:38.390 [pool-1-thread-1] DEBUG org.flywaydb.core.internal.scanner.Scanner -- Filtering out resource: db/migration/ (filename: )
20:27:38.403 [pool-1-thread-1] INFO org.flywaydb.core.internal.command.DbValidate -- Successfully validated 4 migrations (execution time 00:00.032s)
20:27:38.406 [pool-1-thread-1] DEBUG org.flywaydb.core.internal.command.DbSchemas -- Skipping creation of existing schema: "PUBLIC"
20:27:38.412 [pool-1-thread-1] INFO org.flywaydb.core.internal.command.DbMigrate -- Current version of schema "PUBLIC": 4
20:27:38.418 [pool-1-thread-1] INFO org.flywaydb.core.internal.command.DbMigrate -- Schema "PUBLIC" is up to date. No migration necessary.
20:27:38.649 [pool-1-thread-1] DEBUG org.flywaydb.core.FlywayExecutor -- Memory usage: 26 of 100M
2024.03.29 20:27:38 INFO  skipping build import with status 'Installed'[0m
2024.03.29 20:27:38 INFO  Attempting to connect to the build server...[0m
2024.03.29 20:27:38 INFO  Bloop uses /home/arp/.cache/coursier/arc/https/github.com/adoptium/temurin11-binaries/releases/download/jdk-11.0.22%252B7/OpenJDK11U-jdk_x64_linux_hotspot_11.0.22_7.tar.gz/jdk-11.0.22+7 defined at /home/arp/.bloop/bloop.json[0m
2024.03.29 20:27:42 INFO  tracing is disabled for protocol BSP, to enable tracing of incoming and outgoing JSON messages create an empty file at /home/arp/dev/comp4121/assignments/assignment2/.metals/bsp.trace.json or /home/arp/.cache/metals/bsp.trace.json[0m
2024.03.29 20:27:42 INFO  Attempting to connect to the build server...[0m
2024.03.29 20:27:42 INFO  Bloop uses /home/arp/.cache/coursier/arc/https/github.com/adoptium/temurin11-binaries/releases/download/jdk-11.0.22%252B7/OpenJDK11U-jdk_x64_linux_hotspot_11.0.22_7.tar.gz/jdk-11.0.22+7 defined at /home/arp/.bloop/bloop.json[0m
2024.03.29 20:27:42 INFO  tracing is disabled for protocol BSP, to enable tracing of incoming and outgoing JSON messages create an empty file at /home/arp/dev/comp4121/assignments/assignment2/project/.metals/bsp.trace.json or /home/arp/.cache/metals/bsp.trace.json[0m
2024.03.29 20:27:46 INFO  no build target found for /home/arp/dev/comp4121/assignments/assignment2/src/amyc/parsing/Lexer.scala. Using presentation compiler with project's scala-library version: 3.3.1[0m
Mar 29, 2024 8:27:46 PM org.eclipse.lsp4j.jsonrpc.RemoteEndpoint handleCancellation
WARNING: Unmatched cancel notification for request id 2
Mar 29, 2024 8:27:46 PM org.eclipse.lsp4j.jsonrpc.RemoteEndpoint handleCancellation
WARNING: Unmatched cancel notification for request id 7
Mar 29, 2024 8:27:46 PM org.eclipse.lsp4j.jsonrpc.RemoteEndpoint handleCancellation
WARNING: Unmatched cancel notification for request id 8
2024.03.29 20:27:49 INFO  time: Connected to build server in 10s[0m
2024.03.29 20:27:49 INFO  Connected to Build server: Bloop v1.5.15[0m
2024.03.29 20:27:50 INFO  time: Imported build in 0.13s[0m
2024.03.29 20:27:50 WARN  3.0.1 is no longer supported in the current Metals versions, using the last known supported version 0.11.10[0m
2024.03.29 20:28:08 INFO  time: indexed workspace in 18s[0m
2024.03.29 20:28:08 INFO  compiling amyc (11 scala sources)[0m
2024.03.29 20:28:13 INFO  compiling amyc-test (5 scala sources)[0m
2024.03.29 20:28:13 INFO  time: compiled amyc-test in 0.69s[0m
2024.03.29 20:28:13 INFO  time: compiled amyc in 5.83s[0m
2024.03.29 20:29:58 INFO  compiling amyc (1 scala source)[0m
2024.03.29 20:29:58 INFO  time: compiled amyc in 0.44s[0m
2024.03.29 21:58:07 INFO  skipping build import with status 'Installed'[0m
2024.03.29 21:58:08 INFO  Shutting down server[0m
2024.03.29 21:58:08 INFO  shutting down Metals[0m
2024.03.29 21:58:08 INFO  Exiting server[0m
