2024.03.13 10:45:37 INFO  Started: Metals version 1.2.2 in folders '/home/arp/dev/comp4121/assignments/assignment1' for client Visual Studio Code 1.87.1.[0m
10:45:37.852 [pool-1-thread-1] INFO org.flywaydb.core.internal.license.VersionPrinter -- Flyway Community Edition 9.22.3 by Redgate
10:45:37.854 [pool-1-thread-1] INFO org.flywaydb.core.internal.license.VersionPrinter -- See release notes here: https://rd.gt/416ObMi
10:45:37.854 [pool-1-thread-1] INFO org.flywaydb.core.internal.license.VersionPrinter -- 
10:45:37.856 [pool-1-thread-1] DEBUG org.flywaydb.core.internal.scanner.classpath.ClassPathScanner -- Scanning for classpath resources at 'classpath:db/callback' ...
10:45:37.856 [pool-1-thread-1] DEBUG org.flywaydb.core.internal.scanner.classpath.ClassPathScanner -- Determining location urls for classpath:db/callback using ClassLoader jdk.internal.loader.ClassLoaders$AppClassLoader@277050dc ...
10:45:37.856 [pool-1-thread-1] DEBUG org.flywaydb.core.internal.scanner.classpath.ClassPathScanner -- Unable to resolve location classpath:db/callback.
10:45:37.856 [pool-1-thread-1] DEBUG org.flywaydb.core.internal.scanner.classpath.ClassPathScanner -- Scanning for classpath resources at 'classpath:db/migration' ...
10:45:37.856 [pool-1-thread-1] DEBUG org.flywaydb.core.internal.scanner.classpath.ClassPathScanner -- Determining location urls for classpath:db/migration using ClassLoader jdk.internal.loader.ClassLoaders$AppClassLoader@277050dc ...
10:45:37.857 [pool-1-thread-1] DEBUG org.flywaydb.core.internal.scanner.classpath.ClassPathScanner -- Scanning URL: jar:file:/home/arp/.cache/coursier/v1/https/repo1.maven.org/maven2/org/scalameta/metals_2.13/1.2.2/metals_2.13-1.2.2.jar!/db/migration
10:45:37.858 [pool-1-thread-1] DEBUG org.flywaydb.core.internal.scanner.classpath.ClassPathScanner -- Found resource: db/migration/
10:45:37.858 [pool-1-thread-1] DEBUG org.flywaydb.core.internal.scanner.classpath.ClassPathScanner -- Found resource: db/migration/V1__Create_tables.sql
10:45:37.859 [pool-1-thread-1] DEBUG org.flywaydb.core.internal.scanner.classpath.ClassPathScanner -- Found resource: db/migration/V2__Server_discovery.sql
10:45:37.859 [pool-1-thread-1] DEBUG org.flywaydb.core.internal.scanner.classpath.ClassPathScanner -- Found resource: db/migration/V3__Jar_symbols.sql
10:45:37.859 [pool-1-thread-1] DEBUG org.flywaydb.core.internal.scanner.classpath.ClassPathScanner -- Found resource: db/migration/V4__Fingerprints.sql
10:45:37.859 [pool-1-thread-1] DEBUG org.flywaydb.core.internal.scanner.classpath.ClassPathScanner -- Scanning for classes at classpath:db/migration
10:45:37.861 [pool-1-thread-1] DEBUG org.flywaydb.core.internal.scanner.Scanner -- Filtering out resource: db/migration/ (filename: )
10:45:37.862 [pool-1-thread-1] DEBUG org.flywaydb.core.internal.resource.ResourceNameValidator -- Validating V3__Jar_symbols.sql
10:45:37.862 [pool-1-thread-1] DEBUG org.flywaydb.core.internal.resource.ResourceNameValidator -- Validating V2__Server_discovery.sql
10:45:37.862 [pool-1-thread-1] DEBUG org.flywaydb.core.internal.resource.ResourceNameValidator -- Validating V1__Create_tables.sql
10:45:37.862 [pool-1-thread-1] DEBUG org.flywaydb.core.internal.resource.ResourceNameValidator -- Validating V4__Fingerprints.sql
10:45:37.925 [pool-1-thread-1] INFO org.flywaydb.core.FlywayExecutor -- Database: jdbc:h2:file:/home/arp/dev/comp4121/assignments/assignment1/.metals/metals (H2 2.2)
10:45:37.925 [pool-1-thread-1] DEBUG org.flywaydb.core.FlywayExecutor -- Driver: H2 JDBC Driver 2.2.224 (2023-09-17)
10:45:37.925 [pool-1-thread-1] DEBUG org.flywaydb.core.FlywayExecutor -- DDL Transactions Supported: false
10:45:37.926 [pool-1-thread-1] DEBUG org.flywaydb.core.internal.schemahistory.SchemaHistoryFactory -- Schemas: 
10:45:37.926 [pool-1-thread-1] DEBUG org.flywaydb.core.internal.schemahistory.SchemaHistoryFactory -- Default schema: null
10:45:37.930 [pool-1-thread-1] WARN org.flywaydb.core.internal.database.base.Database -- Flyway upgrade recommended: H2 2.2.224 is newer than this version of Flyway and support has not been tested. The latest supported version of H2 is 2.2.220.
10:45:37.931 [pool-1-thread-1] DEBUG org.flywaydb.core.internal.callback.SqlScriptCallbackFactory -- Scanning for SQL callbacks ...
10:45:37.931 [pool-1-thread-1] DEBUG org.flywaydb.core.internal.scanner.Scanner -- Filtering out resource: db/migration/ (filename: )
10:45:37.937 [pool-1-thread-1] DEBUG org.flywaydb.core.internal.command.DbValidate -- Validating migrations ...
10:45:37.941 [pool-1-thread-1] DEBUG org.flywaydb.core.internal.scanner.Scanner -- Filtering out resource: db/migration/ (filename: )
10:45:37.948 [pool-1-thread-1] DEBUG org.flywaydb.core.internal.scanner.Scanner -- Filtering out resource: db/migration/V3__Jar_symbols.sql (filename: V3__Jar_symbols.sql)
10:45:37.948 [pool-1-thread-1] DEBUG org.flywaydb.core.internal.scanner.Scanner -- Filtering out resource: db/migration/V2__Server_discovery.sql (filename: V2__Server_discovery.sql)
10:45:37.948 [pool-1-thread-1] DEBUG org.flywaydb.core.internal.scanner.Scanner -- Filtering out resource: db/migration/V1__Create_tables.sql (filename: V1__Create_tables.sql)
10:45:37.948 [pool-1-thread-1] DEBUG org.flywaydb.core.internal.scanner.Scanner -- Filtering out resource: db/migration/V4__Fingerprints.sql (filename: V4__Fingerprints.sql)
10:45:37.948 [pool-1-thread-1] DEBUG org.flywaydb.core.internal.scanner.Scanner -- Filtering out resource: db/migration/ (filename: )
10:45:37.949 [pool-1-thread-1] DEBUG org.flywaydb.core.internal.scanner.Scanner -- Filtering out resource: db/migration/V3__Jar_symbols.sql (filename: V3__Jar_symbols.sql)
10:45:37.949 [pool-1-thread-1] DEBUG org.flywaydb.core.internal.scanner.Scanner -- Filtering out resource: db/migration/V2__Server_discovery.sql (filename: V2__Server_discovery.sql)
10:45:37.949 [pool-1-thread-1] DEBUG org.flywaydb.core.internal.scanner.Scanner -- Filtering out resource: db/migration/V1__Create_tables.sql (filename: V1__Create_tables.sql)
10:45:37.949 [pool-1-thread-1] DEBUG org.flywaydb.core.internal.scanner.Scanner -- Filtering out resource: db/migration/V4__Fingerprints.sql (filename: V4__Fingerprints.sql)
10:45:37.949 [pool-1-thread-1] DEBUG org.flywaydb.core.internal.scanner.Scanner -- Filtering out resource: db/migration/ (filename: )
10:45:37.950 [pool-1-thread-1] INFO org.flywaydb.core.internal.schemahistory.JdbcTableSchemaHistory -- Schema history table "PUBLIC"."flyway_schema_history" does not exist yet
10:45:37.953 [pool-1-thread-1] INFO org.flywaydb.core.internal.command.DbValidate -- Successfully validated 4 migrations (execution time 00:00.015s)
10:45:37.955 [pool-1-thread-1] DEBUG org.flywaydb.core.internal.command.DbSchemas -- Skipping creation of existing schema: "PUBLIC"
10:45:37.967 [pool-1-thread-1] INFO org.flywaydb.core.internal.schemahistory.JdbcTableSchemaHistory -- Creating Schema History table "PUBLIC"."flyway_schema_history" ...
10:45:37.968 [pool-1-thread-1] DEBUG org.flywaydb.core.internal.parser.Parser -- Parsing  ...
10:45:37.974 [pool-1-thread-1] DEBUG org.flywaydb.core.internal.sqlscript.ParserSqlScript -- Found statement at line 1: CREATE TABLE IF NOT EXISTS "PUBLIC"."flyway_schema_history" (
    "installed_rank" INT NOT NULL,
    "version" VARCHAR(50),
    "description" VARCHAR(200) NOT NULL,
    "type" VARCHAR(20) NOT NULL,
    "script" VARCHAR(1000) NOT NULL,
    "checksum" INT,
    "installed_by" VARCHAR(100) NOT NULL,
    "installed_on" TIMESTAMP NOT NULL DEFAULT CURRENT_TIMESTAMP,
    "execution_time" INT NOT NULL,
    "success" BOOLEAN NOT NULL,
    CONSTRAINT "flyway_schema_history_pk" PRIMARY KEY ("installed_rank")
) AS SELECT -1, NULL, '<< Flyway Schema History table created >>', 'TABLE', '', NULL, 'SA', CURRENT_TIMESTAMP, 0, TRUE
10:45:37.974 [pool-1-thread-1] DEBUG org.flywaydb.core.internal.sqlscript.ParserSqlScript -- Found statement at line 14: CREATE INDEX "PUBLIC"."flyway_schema_history_s_idx" ON "PUBLIC"."flyway_schema_history" ("success")
10:45:37.974 [pool-1-thread-1] DEBUG org.flywaydb.core.internal.sqlscript.DefaultSqlScriptExecutor -- Executing SQL: CREATE TABLE IF NOT EXISTS "PUBLIC"."flyway_schema_history" (
    "installed_rank" INT NOT NULL,
    "version" VARCHAR(50),
    "description" VARCHAR(200) NOT NULL,
    "type" VARCHAR(20) NOT NULL,
    "script" VARCHAR(1000) NOT NULL,
    "checksum" INT,
    "installed_by" VARCHAR(100) NOT NULL,
    "installed_on" TIMESTAMP NOT NULL DEFAULT CURRENT_TIMESTAMP,
    "execution_time" INT NOT NULL,
    "success" BOOLEAN NOT NULL,
    CONSTRAINT "flyway_schema_history_pk" PRIMARY KEY ("installed_rank")
) AS SELECT -1, NULL, '<< Flyway Schema History table created >>', 'TABLE', '', NULL, 'SA', CURRENT_TIMESTAMP, 0, TRUE
10:45:37.977 [pool-1-thread-1] DEBUG org.flywaydb.core.internal.sqlscript.DefaultSqlScriptExecutor -- 0 rows affected
10:45:37.977 [pool-1-thread-1] DEBUG org.flywaydb.core.internal.sqlscript.DefaultSqlScriptExecutor -- Executing SQL: CREATE INDEX "PUBLIC"."flyway_schema_history_s_idx" ON "PUBLIC"."flyway_schema_history" ("success")
10:45:37.979 [pool-1-thread-1] DEBUG org.flywaydb.core.internal.sqlscript.DefaultSqlScriptExecutor -- 0 rows affected
10:45:37.979 [pool-1-thread-1] DEBUG org.flywaydb.core.internal.schemahistory.JdbcTableSchemaHistory -- Created Schema History table "PUBLIC"."flyway_schema_history"
10:45:37.985 [pool-1-thread-1] INFO org.flywaydb.core.internal.command.DbMigrate -- Current version of schema "PUBLIC": << Empty Schema >>
10:45:37.985 [pool-1-thread-1] DEBUG org.flywaydb.core.internal.parser.Parser -- Parsing V1__Create_tables.sql ...
10:45:37.987 [pool-1-thread-1] DEBUG org.flywaydb.core.internal.sqlscript.ParserSqlScript -- Found statement at line 4: -- The relationship between library dependency sources under .metals/readonly/**
-- and build targets they belong to. Required to know what classpath to use
-- for compiling dependency sources.
create table dependency_source(
  text_document_uri varchar primary key,
  build_target_uri varchar not null
)
10:45:37.987 [pool-1-thread-1] DEBUG org.flywaydb.core.internal.sqlscript.ParserSqlScript -- Found statement at line 12: -- The relationship between library dependency sources under .metals/readonly/**
-- and worksheets they belong to. Required to know what classpath to use
-- for compiling dependency sources.
create table worksheet_dependency_source(
  text_document_uri varchar primary key,
  worksheet_uri varchar not null
)
10:45:37.988 [pool-1-thread-1] DEBUG org.flywaydb.core.internal.sqlscript.ParserSqlScript -- Found statement at line 19: -- The relationship between what library dependency sources under .metals/readonly/**
-- map to which build targets.
create table sbt_digest(
  md5 varchar,
  status tinyint not null,
  when_recorded timestamp
)
10:45:37.989 [pool-1-thread-1] DEBUG org.flywaydb.core.internal.sqlscript.ParserSqlScript -- Found statement at line 27: -- Which window/showMessage and window/showMessageRequest dialogues have been dismissed
-- by the user via "Don't show again" or closed by clicking on "x".
create table dismissed_notification(
  id int,
  when_dismissed timestamp,
  when_expires timestamp
)
10:45:37.989 [pool-1-thread-1] DEBUG org.flywaydb.core.internal.sqlscript.ParserSqlScript -- Found statement at line 34: -- The choice of build tool when multiple build tool files are found in a workspace
create table chosen_build_tool(
  build_tool varchar primary key
)
10:45:37.990 [pool-1-thread-1] DEBUG org.flywaydb.core.internal.command.DbMigrate -- Starting migration of schema "PUBLIC" to version "1 - Create tables" ...
10:45:37.991 [pool-1-thread-1] INFO org.flywaydb.core.internal.command.DbMigrate -- Migrating schema "PUBLIC" to version "1 - Create tables"
10:45:37.992 [pool-1-thread-1] DEBUG org.flywaydb.core.internal.sqlscript.DefaultSqlScriptExecutor -- Executing SQL: -- The relationship between library dependency sources under .metals/readonly/**
-- and build targets they belong to. Required to know what classpath to use
-- for compiling dependency sources.
create table dependency_source(
  text_document_uri varchar primary key,
  build_target_uri varchar not null
)
10:45:37.993 [pool-1-thread-1] DEBUG org.flywaydb.core.internal.sqlscript.DefaultSqlScriptExecutor -- 0 rows affected
10:45:37.993 [pool-1-thread-1] DEBUG org.flywaydb.core.internal.sqlscript.DefaultSqlScriptExecutor -- Executing SQL: -- The relationship between library dependency sources under .metals/readonly/**
-- and worksheets they belong to. Required to know what classpath to use
-- for compiling dependency sources.
create table worksheet_dependency_source(
  text_document_uri varchar primary key,
  worksheet_uri varchar not null
)
10:45:37.994 [pool-1-thread-1] DEBUG org.flywaydb.core.internal.sqlscript.DefaultSqlScriptExecutor -- 0 rows affected
10:45:37.994 [pool-1-thread-1] DEBUG org.flywaydb.core.internal.sqlscript.DefaultSqlScriptExecutor -- Executing SQL: -- The relationship between what library dependency sources under .metals/readonly/**
-- map to which build targets.
create table sbt_digest(
  md5 varchar,
  status tinyint not null,
  when_recorded timestamp
)
10:45:37.995 [pool-1-thread-1] DEBUG org.flywaydb.core.internal.sqlscript.DefaultSqlScriptExecutor -- 0 rows affected
10:45:37.995 [pool-1-thread-1] DEBUG org.flywaydb.core.internal.sqlscript.DefaultSqlScriptExecutor -- Executing SQL: -- Which window/showMessage and window/showMessageRequest dialogues have been dismissed
-- by the user via "Don't show again" or closed by clicking on "x".
create table dismissed_notification(
  id int,
  when_dismissed timestamp,
  when_expires timestamp
)
10:45:37.996 [pool-1-thread-1] DEBUG org.flywaydb.core.internal.sqlscript.DefaultSqlScriptExecutor -- 0 rows affected
10:45:37.996 [pool-1-thread-1] DEBUG org.flywaydb.core.internal.sqlscript.DefaultSqlScriptExecutor -- Executing SQL: -- The choice of build tool when multiple build tool files are found in a workspace
create table chosen_build_tool(
  build_tool varchar primary key
)
10:45:37.996 [pool-1-thread-1] DEBUG org.flywaydb.core.internal.sqlscript.DefaultSqlScriptExecutor -- 0 rows affected
10:45:37.996 [pool-1-thread-1] DEBUG org.flywaydb.core.internal.command.DbMigrate -- Successfully completed migration of schema "PUBLIC" to version "1 - Create tables"
10:45:37.998 [pool-1-thread-1] DEBUG org.flywaydb.core.internal.schemahistory.JdbcTableSchemaHistory -- Schema History table "PUBLIC"."flyway_schema_history" successfully updated to reflect changes
10:45:38.003 [pool-1-thread-1] DEBUG org.flywaydb.core.internal.parser.Parser -- Parsing V2__Server_discovery.sql ...
10:45:38.005 [pool-1-thread-1] DEBUG org.flywaydb.core.internal.sqlscript.ParserSqlScript -- Found statement at line 4: -- For each unique combination of installed build servers we select one server.
-- The md5 checksum is computed from the names of the installed build servers, and
-- the selected server is the server which the user chose for this workspace.
create table chosen_build_server(
  md5 varchar primary key,
  selected_server varchar,
  when_recorded timestamp
)
10:45:38.005 [pool-1-thread-1] DEBUG org.flywaydb.core.internal.command.DbMigrate -- Starting migration of schema "PUBLIC" to version "2 - Server discovery" ...
10:45:38.005 [pool-1-thread-1] INFO org.flywaydb.core.internal.command.DbMigrate -- Migrating schema "PUBLIC" to version "2 - Server discovery"
10:45:38.006 [pool-1-thread-1] DEBUG org.flywaydb.core.internal.sqlscript.DefaultSqlScriptExecutor -- Executing SQL: -- For each unique combination of installed build servers we select one server.
-- The md5 checksum is computed from the names of the installed build servers, and
-- the selected server is the server which the user chose for this workspace.
create table chosen_build_server(
  md5 varchar primary key,
  selected_server varchar,
  when_recorded timestamp
)
10:45:38.006 [pool-1-thread-1] DEBUG org.flywaydb.core.internal.sqlscript.DefaultSqlScriptExecutor -- 0 rows affected
10:45:38.006 [pool-1-thread-1] DEBUG org.flywaydb.core.internal.command.DbMigrate -- Successfully completed migration of schema "PUBLIC" to version "2 - Server discovery"
10:45:38.008 [pool-1-thread-1] DEBUG org.flywaydb.core.internal.schemahistory.JdbcTableSchemaHistory -- Schema History table "PUBLIC"."flyway_schema_history" successfully updated to reflect changes
10:45:38.009 [pool-1-thread-1] DEBUG org.flywaydb.core.internal.parser.Parser -- Parsing V3__Jar_symbols.sql ...
10:45:38.010 [pool-1-thread-1] DEBUG org.flywaydb.core.internal.sqlscript.ParserSqlScript -- Found statement at line 2: -- Indexed jars, the MD5 digest of path, modified time and size as key
create table indexed_jar(
  id int auto_increment unique,
  md5 varchar primary key
)
10:45:38.011 [pool-1-thread-1] DEBUG org.flywaydb.core.internal.sqlscript.ParserSqlScript -- Found statement at line 7: -- Top Level Symbols per jar, allow for multiple jars with same symbols and paths
create table toplevel_symbol(
  symbol varchar not null,
  path varchar not null,
  jar int,
  foreign key (jar) references indexed_jar (id) on delete cascade,
  primary key (jar, path, symbol)
)
10:45:38.012 [pool-1-thread-1] DEBUG org.flywaydb.core.internal.sqlscript.ParserSqlScript -- Found statement at line 15: -- Create index to speedup lookup of jar symbols
create index toplevel_symbol_jar on toplevel_symbol(jar)
10:45:38.012 [pool-1-thread-1] DEBUG org.flywaydb.core.internal.command.DbMigrate -- Starting migration of schema "PUBLIC" to version "3 - Jar symbols" ...
10:45:38.013 [pool-1-thread-1] INFO org.flywaydb.core.internal.command.DbMigrate -- Migrating schema "PUBLIC" to version "3 - Jar symbols"
10:45:38.013 [pool-1-thread-1] DEBUG org.flywaydb.core.internal.sqlscript.DefaultSqlScriptExecutor -- Executing SQL: -- Indexed jars, the MD5 digest of path, modified time and size as key
create table indexed_jar(
  id int auto_increment unique,
  md5 varchar primary key
)
10:45:38.017 [pool-1-thread-1] DEBUG org.flywaydb.core.internal.sqlscript.DefaultSqlScriptExecutor -- 0 rows affected
10:45:38.017 [pool-1-thread-1] DEBUG org.flywaydb.core.internal.sqlscript.DefaultSqlScriptExecutor -- Executing SQL: -- Top Level Symbols per jar, allow for multiple jars with same symbols and paths
create table toplevel_symbol(
  symbol varchar not null,
  path varchar not null,
  jar int,
  foreign key (jar) references indexed_jar (id) on delete cascade,
  primary key (jar, path, symbol)
)
10:45:38.020 [pool-1-thread-1] DEBUG org.flywaydb.core.internal.sqlscript.DefaultSqlScriptExecutor -- 0 rows affected
10:45:38.020 [pool-1-thread-1] DEBUG org.flywaydb.core.internal.sqlscript.DefaultSqlScriptExecutor -- Executing SQL: -- Create index to speedup lookup of jar symbols
create index toplevel_symbol_jar on toplevel_symbol(jar)
10:45:38.021 [pool-1-thread-1] DEBUG org.flywaydb.core.internal.sqlscript.DefaultSqlScriptExecutor -- 0 rows affected
10:45:38.021 [pool-1-thread-1] DEBUG org.flywaydb.core.internal.command.DbMigrate -- Successfully completed migration of schema "PUBLIC" to version "3 - Jar symbols"
10:45:38.022 [pool-1-thread-1] DEBUG org.flywaydb.core.internal.schemahistory.JdbcTableSchemaHistory -- Schema History table "PUBLIC"."flyway_schema_history" successfully updated to reflect changes
10:45:38.024 [pool-1-thread-1] DEBUG org.flywaydb.core.internal.parser.Parser -- Parsing V4__Fingerprints.sql ...
10:45:38.025 [pool-1-thread-1] DEBUG org.flywaydb.core.internal.sqlscript.ParserSqlScript -- Found statement at line 2: -- Fingerprints saved between invocations
create table fingerprints(
  path varchar not null,
  text varchar not null,
  md5 varchar not null,
  id int auto_increment unique
)
10:45:38.025 [pool-1-thread-1] DEBUG org.flywaydb.core.internal.command.DbMigrate -- Starting migration of schema "PUBLIC" to version "4 - Fingerprints" ...
10:45:38.026 [pool-1-thread-1] INFO org.flywaydb.core.internal.command.DbMigrate -- Migrating schema "PUBLIC" to version "4 - Fingerprints"
10:45:38.026 [pool-1-thread-1] DEBUG org.flywaydb.core.internal.sqlscript.DefaultSqlScriptExecutor -- Executing SQL: -- Fingerprints saved between invocations
create table fingerprints(
  path varchar not null,
  text varchar not null,
  md5 varchar not null,
  id int auto_increment unique
)
10:45:38.027 [pool-1-thread-1] DEBUG org.flywaydb.core.internal.sqlscript.DefaultSqlScriptExecutor -- 0 rows affected
10:45:38.027 [pool-1-thread-1] DEBUG org.flywaydb.core.internal.command.DbMigrate -- Successfully completed migration of schema "PUBLIC" to version "4 - Fingerprints"
10:45:38.028 [pool-1-thread-1] DEBUG org.flywaydb.core.internal.schemahistory.JdbcTableSchemaHistory -- Schema History table "PUBLIC"."flyway_schema_history" successfully updated to reflect changes
10:45:38.036 [pool-1-thread-1] INFO org.flywaydb.core.internal.command.DbMigrate -- Successfully applied 4 migrations to schema "PUBLIC", now at version v4 (execution time 00:00.015s)
10:45:38.046 [pool-1-thread-1] DEBUG org.flywaydb.core.FlywayExecutor -- Memory usage: 21 of 100M
2024.03.13 10:45:38 WARN  Build server is not auto-connectable.[0m
2024.03.13 10:45:48 INFO  no build target found for /home/arp/dev/comp4121/assignments/assignment1/clp-lab01/library/Option.scala. Using presentation compiler with project's scala-library version: 3.3.1[0m
2024.03.13 10:45:50 INFO  time: code lens generation in 11s[0m
2024.03.13 10:45:50 INFO  time: code lens generation in 1.61s[0m
Mar 13, 2024 10:46:07 AM org.eclipse.lsp4j.jsonrpc.RemoteEndpoint handleCancellation
WARNING: Unmatched cancel notification for request id 13
Mar 13, 2024 10:46:23 AM org.eclipse.lsp4j.jsonrpc.RemoteEndpoint handleCancellation
WARNING: Unmatched cancel notification for request id 22
2024.03.13 12:43:19 INFO  Shutting down server[0m
2024.03.13 12:43:19 INFO  shutting down Metals[0m
2024.03.13 12:43:20 ERROR Unexpected error initializing server: 
org.eclipse.lsp4j.jsonrpc.ResponseErrorException: Request window/showMessageRequest failed with message: Canceled
	at org.eclipse.lsp4j.jsonrpc.RemoteEndpoint.handleResponse(RemoteEndpoint.java:209)
	at org.eclipse.lsp4j.jsonrpc.RemoteEndpoint.consume(RemoteEndpoint.java:193)
	at org.eclipse.lsp4j.jsonrpc.json.StreamMessageProducer.handleMessage(StreamMessageProducer.java:194)
	at org.eclipse.lsp4j.jsonrpc.json.StreamMessageProducer.listen(StreamMessageProducer.java:94)
	at org.eclipse.lsp4j.jsonrpc.json.ConcurrentMessageProcessor.run(ConcurrentMessageProcessor.java:113)
	at java.util.concurrent.Executors$RunnableAdapter.call(Executors.java:515)
	at java.util.concurrent.FutureTask.run(FutureTask.java:264)
	at java.util.concurrent.ThreadPoolExecutor.runWorker(ThreadPoolExecutor.java:1128)
	at java.util.concurrent.ThreadPoolExecutor$Worker.run(ThreadPoolExecutor.java:628)
	at java.lang.Thread.run(Thread.java:829)
[0m
2024.03.13 12:43:19 INFO  Exiting server[0m
