2024.04.23 13:33:51 INFO  Started: Metals version 1.3.0 in folders '/home/arp/dev/comp4121/assignments/assignment2/src/amyc/parsing' for client Visual Studio Code 1.88.1.[0m
SLF4J: Class path contains multiple SLF4J providers.
SLF4J: Found provider [scribe.slf4j.ScribeServiceProvider@48763111]
SLF4J: Found provider [ch.qos.logback.classic.spi.LogbackServiceProvider@5c9f121b]
SLF4J: See https://www.slf4j.org/codes.html#multiple_bindings for an explanation.
SLF4J: Actual provider is of type [scribe.slf4j.ScribeServiceProvider@48763111]
2024.04.23 13:33:51 WARN  Flyway upgrade recommended: H2 2.2.224 is newer than this version of Flyway and support has not been tested. The latest supported version of H2 is 2.2.220.[0m
2024.04.23 13:33:54 INFO  Running List(/home/arp/.local/share/coursier/bin/scala-cli, setup-ide, /home/arp/dev/comp4121/assignments/assignment2/src/amyc/parsing)[0m
2024.04.23 13:33:55 INFO  Attempting to connect to the build server...[0m
2024.04.23 13:33:55 INFO  Running BSP server List(/home/arp/.local/share/coursier/bin/.scala-cli.aux, bsp, --json-options, /home/arp/dev/comp4121/assignments/assignment2/src/amyc/parsing/.scala-build/ide-options-v2.json, /home/arp/dev/comp4121/assignments/assignment2/src/amyc/parsing)[0m
2024.04.23 13:33:54 INFO  tracing is disabled for protocol BSP, to enable tracing of incoming and outgoing JSON messages create an empty file at /home/arp/dev/comp4121/assignments/assignment2/src/amyc/parsing/.metals/bsp.trace.json or /home/arp/.cache/metals/bsp.trace.json[0m
2024.04.23 13:33:56 INFO  BSP server: Downloading https://github.com/adoptium/temurin17-binaries/releases/download/jdk-17%2B35/OpenJDK17-jdk_x64_linux_hotspot_17_35.tar.gz[0m
2024.04.23 13:34:02 INFO  BSP server: Still downloading:[0m
2024.04.23 13:34:02 INFO  BSP server: https://github.com/adoptium/temurin17-binaries/releases/download/jdk-17%2B35/OpenJDK17-jdk_x64_linux_hotspot_17_35.tar.gz (19.07 %, 36608839 / 192014376)[0m
2024.04.23 13:34:02 INFO  BSP server: [0m
2024.04.23 13:34:08 INFO  BSP server: Still downloading:[0m
2024.04.23 13:34:08 INFO  BSP server: https://github.com/adoptium/temurin17-binaries/releases/download/jdk-17%2B35/OpenJDK17-jdk_x64_linux_hotspot_17_35.tar.gz (57.30 %, 110017351 / 192014376)[0m
2024.04.23 13:34:08 INFO  BSP server: [0m
2024.04.23 13:34:14 INFO  BSP server: Still downloading:[0m
2024.04.23 13:34:14 INFO  BSP server: https://github.com/adoptium/temurin17-binaries/releases/download/jdk-17%2B35/OpenJDK17-jdk_x64_linux_hotspot_17_35.tar.gz (95.03 %, 182467399 / 192014376)[0m
2024.04.23 13:34:14 INFO  BSP server: [0m
2024.04.23 13:34:14 INFO  BSP server: Downloaded https://github.com/adoptium/temurin17-binaries/releases/download/jdk-17%2B35/OpenJDK17-jdk_x64_linux_hotspot_17_35.tar.gz[0m
2024.04.23 13:34:18 INFO  BSP server: Downloading https://repo1.maven.org/maven2/io/github/alexarchambault/bleep/bloop-frontend_2.12/1.5.11-sc-3/bloop-frontend_2.12-1.5.11-sc-3.pom[0m
2024.04.23 13:34:55 ERROR Timeout waiting for 'build/initialize' response[0m
2024.04.23 13:34:55 WARN  Retrying connection to the build server scala-cli[0m
2024.04.23 13:34:55 INFO  Running BSP server List(/home/arp/.local/share/coursier/bin/.scala-cli.aux, bsp, --json-options, /home/arp/dev/comp4121/assignments/assignment2/src/amyc/parsing/.scala-build/ide-options-v2.json, /home/arp/dev/comp4121/assignments/assignment2/src/amyc/parsing)[0m
2024.04.23 13:34:55 INFO  tracing is disabled for protocol BSP, to enable tracing of incoming and outgoing JSON messages create an empty file at /home/arp/dev/comp4121/assignments/assignment2/src/amyc/parsing/.metals/bsp.trace.json or /home/arp/.cache/metals/bsp.trace.json[0m
2024.04.23 13:34:55 INFO  BSP server: Downloading https://repo1.maven.org/maven2/io/github/alexarchambault/bleep/bloop-frontend_2.12/1.5.11-sc-3/bloop-frontend_2.12-1.5.11-sc-3.pom[0m
2024.04.23 13:34:55 INFO  BSP server: Downloaded https://repo1.maven.org/maven2/io/github/alexarchambault/bleep/bloop-frontend_2.12/1.5.11-sc-3/bloop-frontend_2.12-1.5.11-sc-3.pom[0m
2024.04.23 13:34:55 INFO  BSP server: Downloading https://repo1.maven.org/maven2/ch/qos/logback/logback-classic/1.4.6/logback-classic-1.4.6.pom[0m
2024.04.23 13:34:55 INFO  BSP server: Downloading https://repo1.maven.org/maven2/io/github/alexarchambault/bleep/bloop-backend_2.12/1.5.11-sc-3/bloop-backend_2.12-1.5.11-sc-3.pom[0m
2024.04.23 13:34:55 INFO  BSP server: Downloading https://repo1.maven.org/maven2/io/github/alexarchambault/libdaemon/libdaemon_2.12/0.0.11/libdaemon_2.12-0.0.11.pom[0m
2024.04.23 13:34:55 INFO  BSP server: Downloading https://repo1.maven.org/maven2/ch/epfl/scala/scala-debug-adapter_2.12/3.1.4/scala-debug-adapter_2.12-3.1.4.pom[0m
2024.04.23 13:34:55 INFO  BSP server: Downloaded https://repo1.maven.org/maven2/ch/qos/logback/logback-classic/1.4.6/logback-classic-1.4.6.pom[0m
2024.04.23 13:34:56 INFO  BSP server: Downloaded https://repo1.maven.org/maven2/ch/epfl/scala/scala-debug-adapter_2.12/3.1.4/scala-debug-adapter_2.12-3.1.4.pom[0m
2024.04.23 13:34:56 INFO  BSP server: Downloaded https://repo1.maven.org/maven2/io/github/alexarchambault/libdaemon/libdaemon_2.12/0.0.11/libdaemon_2.12-0.0.11.pom[0m
2024.04.23 13:34:56 INFO  BSP server: Downloaded https://repo1.maven.org/maven2/io/github/alexarchambault/bleep/bloop-backend_2.12/1.5.11-sc-3/bloop-backend_2.12-1.5.11-sc-3.pom[0m
2024.04.23 13:34:56 INFO  BSP server: Downloading https://repo1.maven.org/maven2/ch/qos/logback/logback-parent/1.4.6/logback-parent-1.4.6.pom[0m
2024.04.23 13:34:56 INFO  BSP server: Downloaded https://repo1.maven.org/maven2/ch/qos/logback/logback-parent/1.4.6/logback-parent-1.4.6.pom[0m
2024.04.23 13:34:56 INFO  BSP server: Downloading https://repo1.maven.org/maven2/ch/epfl/scala/com-microsoft-java-debug-core/0.34.0+20/com-microsoft-java-debug-core-0.34.0+20.pom[0m
2024.04.23 13:34:56 INFO  BSP server: Downloading https://repo1.maven.org/maven2/org/scala-sbt/test-agent/1.8.3/test-agent-1.8.3.pom[0m
2024.04.23 13:34:56 INFO  BSP server: Downloading https://repo1.maven.org/maven2/org/zeroturnaround/zt-zip/1.16/zt-zip-1.16.pom[0m
2024.04.23 13:34:56 INFO  BSP server: Downloading https://repo1.maven.org/maven2/io/zipkin/reporter2/zipkin-sender-urlconnection/2.16.4/zipkin-sender-urlconnection-2.16.4.pom[0m
2024.04.23 13:34:56 INFO  BSP server: Downloading https://repo1.maven.org/maven2/org/scalaz/scalaz-core_2.12/7.3.7/scalaz-core_2.12-7.3.7.pom[0m
2024.04.23 13:34:56 INFO  BSP server: Downloading https://repo1.maven.org/maven2/io/github/alexarchambault/bleep/bloop-shared_2.12/1.5.11-sc-3/bloop-shared_2.12-1.5.11-sc-3.pom[0m
2024.04.23 13:34:56 INFO  BSP server: Downloaded https://repo1.maven.org/maven2/org/zeroturnaround/zt-zip/1.16/zt-zip-1.16.pom[0m
2024.04.23 13:34:56 INFO  BSP server: Downloading https://repo1.maven.org/maven2/org/slf4j/slf4j-api/2.0.4/slf4j-api-2.0.4.pom[0m
2024.04.23 13:34:56 INFO  BSP server: Downloaded https://repo1.maven.org/maven2/ch/epfl/scala/com-microsoft-java-debug-core/0.34.0+20/com-microsoft-java-debug-core-0.34.0+20.pom[0m
2024.04.23 13:34:56 INFO  BSP server: Downloading https://repo1.maven.org/maven2/io/github/alexarchambault/bleep/nailgun-server/1.0.7/nailgun-server-1.0.7.pom[0m
2024.04.23 13:34:56 INFO  BSP server: Downloaded https://repo1.maven.org/maven2/org/scala-sbt/test-agent/1.8.3/test-agent-1.8.3.pom[0m
2024.04.23 13:34:56 INFO  BSP server: Downloading https://repo1.maven.org/maven2/io/zipkin/brave/brave/5.16.0/brave-5.16.0.pom[0m
2024.04.23 13:34:56 INFO  BSP server: Downloaded https://repo1.maven.org/maven2/io/zipkin/reporter2/zipkin-sender-urlconnection/2.16.4/zipkin-sender-urlconnection-2.16.4.pom[0m
2024.04.23 13:34:56 INFO  BSP server: Downloading https://repo1.maven.org/maven2/ch/qos/logback/logback-core/1.4.6/logback-core-1.4.6.pom[0m
2024.04.23 13:34:56 INFO  BSP server: Downloaded https://repo1.maven.org/maven2/io/zipkin/brave/brave/5.16.0/brave-5.16.0.pom[0m
2024.04.23 13:34:56 INFO  BSP server: Downloaded https://repo1.maven.org/maven2/ch/qos/logback/logback-core/1.4.6/logback-core-1.4.6.pom[0m
2024.04.23 13:34:56 INFO  BSP server: Downloaded https://repo1.maven.org/maven2/org/slf4j/slf4j-api/2.0.4/slf4j-api-2.0.4.pom[0m
2024.04.23 13:34:56 INFO  BSP server: Downloaded https://repo1.maven.org/maven2/io/github/alexarchambault/bleep/nailgun-server/1.0.7/nailgun-server-1.0.7.pom[0m
2024.04.23 13:34:56 INFO  BSP server: Downloaded https://repo1.maven.org/maven2/org/scalaz/scalaz-core_2.12/7.3.7/scalaz-core_2.12-7.3.7.pom[0m
2024.04.23 13:34:56 INFO  BSP server: Downloaded https://repo1.maven.org/maven2/io/github/alexarchambault/bleep/bloop-shared_2.12/1.5.11-sc-3/bloop-shared_2.12-1.5.11-sc-3.pom[0m
2024.04.23 13:34:56 INFO  BSP server: Downloading https://repo1.maven.org/maven2/io/zipkin/reporter2/zipkin-reporter-parent/2.16.4/zipkin-reporter-parent-2.16.4.pom[0m
2024.04.23 13:34:56 INFO  BSP server: Downloading https://repo1.maven.org/maven2/org/slf4j/slf4j-parent/2.0.4/slf4j-parent-2.0.4.pom[0m
2024.04.23 13:34:56 INFO  BSP server: Downloading https://repo1.maven.org/maven2/io/zipkin/brave/brave-parent/5.16.0/brave-parent-5.16.0.pom[0m
2024.04.23 13:34:57 INFO  BSP server: Downloaded https://repo1.maven.org/maven2/org/slf4j/slf4j-parent/2.0.4/slf4j-parent-2.0.4.pom[0m
2024.04.23 13:34:57 INFO  BSP server: Downloaded https://repo1.maven.org/maven2/io/zipkin/reporter2/zipkin-reporter-parent/2.16.4/zipkin-reporter-parent-2.16.4.pom[0m
2024.04.23 13:34:57 INFO  BSP server: Downloaded https://repo1.maven.org/maven2/io/zipkin/brave/brave-parent/5.16.0/brave-parent-5.16.0.pom[0m
2024.04.23 13:34:57 INFO  BSP server: Downloading https://repo1.maven.org/maven2/io/zipkin/reporter2/zipkin-reporter/2.16.4/zipkin-reporter-2.16.4.pom[0m
2024.04.23 13:34:57 INFO  BSP server: Downloading https://repo1.maven.org/maven2/io/zipkin/reporter2/zipkin-reporter-brave/2.16.3/zipkin-reporter-brave-2.16.3.pom[0m
2024.04.23 13:34:57 INFO  BSP server: Downloading https://repo1.maven.org/maven2/ch/epfl/scala/bsp4s_2.12/2.1.0-M7/bsp4s_2.12-2.1.0-M7.pom[0m
2024.04.23 13:34:57 INFO  BSP server: Downloading https://repo1.maven.org/maven2/io/get-coursier/interface/1.0.13/interface-1.0.13.pom[0m
2024.04.23 13:34:57 INFO  BSP server: Downloading https://repo1.maven.org/maven2/net/java/dev/jna/jna-platform/4.4.0/jna-platform-4.4.0.pom[0m
2024.04.23 13:34:57 INFO  BSP server: Downloading https://repo1.maven.org/maven2/org/apache/logging/log4j/log4j-core/2.21.1/log4j-core-2.21.1.pom[0m
2024.04.23 13:34:57 INFO  BSP server: Downloaded https://repo1.maven.org/maven2/io/get-coursier/interface/1.0.13/interface-1.0.13.pom[0m
2024.04.23 13:34:57 INFO  BSP server: Downloading https://repo1.maven.org/maven2/net/java/dev/jna/jna/4.5.2/jna-4.5.2.pom[0m
2024.04.23 13:34:57 INFO  BSP server: Downloaded https://repo1.maven.org/maven2/ch/epfl/scala/bsp4s_2.12/2.1.0-M7/bsp4s_2.12-2.1.0-M7.pom[0m
2024.04.23 13:34:57 INFO  BSP server: Downloading https://repo1.maven.org/maven2/org/scala-sbt/test-agent/1.9.7/test-agent-1.9.7.pom[0m
2024.04.23 13:34:57 INFO  BSP server: Downloaded https://repo1.maven.org/maven2/io/zipkin/reporter2/zipkin-reporter/2.16.4/zipkin-reporter-2.16.4.pom[0m
2024.04.23 13:34:57 INFO  BSP server: Downloaded https://repo1.maven.org/maven2/io/zipkin/reporter2/zipkin-reporter-brave/2.16.3/zipkin-reporter-brave-2.16.3.pom[0m
2024.04.23 13:34:57 INFO  BSP server: Downloaded https://repo1.maven.org/maven2/net/java/dev/jna/jna-platform/4.4.0/jna-platform-4.4.0.pom[0m
2024.04.23 13:34:57 INFO  BSP server: Downloaded https://repo1.maven.org/maven2/net/java/dev/jna/jna/4.5.2/jna-4.5.2.pom[0m
2024.04.23 13:34:57 INFO  BSP server: Downloaded https://repo1.maven.org/maven2/org/scala-sbt/test-agent/1.9.7/test-agent-1.9.7.pom[0m
2024.04.23 13:34:57 INFO  BSP server: Downloaded https://repo1.maven.org/maven2/org/apache/logging/log4j/log4j-core/2.21.1/log4j-core-2.21.1.pom[0m
2024.04.23 13:34:57 INFO  BSP server: Downloading https://repo1.maven.org/maven2/io/zipkin/reporter2/zipkin-reporter-parent/2.16.3/zipkin-reporter-parent-2.16.3.pom[0m
2024.04.23 13:34:57 INFO  BSP server: Downloading https://repo1.maven.org/maven2/org/apache/logging/log4j/log4j/2.21.1/log4j-2.21.1.pom[0m
2024.04.23 13:34:57 INFO  BSP server: Downloaded https://repo1.maven.org/maven2/io/zipkin/reporter2/zipkin-reporter-parent/2.16.3/zipkin-reporter-parent-2.16.3.pom[0m
2024.04.23 13:34:57 INFO  BSP server: Downloaded https://repo1.maven.org/maven2/org/apache/logging/log4j/log4j/2.21.1/log4j-2.21.1.pom[0m
2024.04.23 13:34:57 INFO  BSP server: Downloading https://repo1.maven.org/maven2/org/apache/logging/log4j/log4j-bom/2.21.1/log4j-bom-2.21.1.pom[0m
2024.04.23 13:34:58 INFO  BSP server: Downloaded https://repo1.maven.org/maven2/org/apache/logging/log4j/log4j-bom/2.21.1/log4j-bom-2.21.1.pom[0m
2024.04.23 13:34:58 INFO  BSP server: Downloading https://repo1.maven.org/maven2/org/apache/logging/logging-parent/10.1.1/logging-parent-10.1.1.pom[0m
2024.04.23 13:34:58 INFO  BSP server: Downloaded https://repo1.maven.org/maven2/org/apache/logging/logging-parent/10.1.1/logging-parent-10.1.1.pom[0m
2024.04.23 13:34:58 INFO  BSP server: Downloading https://repo1.maven.org/maven2/org/ow2/asm/asm-bom/9.5/asm-bom-9.5.pom[0m
2024.04.23 13:34:58 INFO  BSP server: Downloading https://repo1.maven.org/maven2/org/springframework/spring-framework-bom/5.3.29/spring-framework-bom-5.3.29.pom[0m
2024.04.23 13:34:58 INFO  BSP server: Downloading https://repo1.maven.org/maven2/io/netty/netty-bom/4.1.97.Final/netty-bom-4.1.97.Final.pom[0m
2024.04.23 13:34:58 INFO  BSP server: Downloaded https://repo1.maven.org/maven2/org/ow2/asm/asm-bom/9.5/asm-bom-9.5.pom[0m
2024.04.23 13:34:58 INFO  BSP server: Downloaded https://repo1.maven.org/maven2/org/springframework/spring-framework-bom/5.3.29/spring-framework-bom-5.3.29.pom[0m
2024.04.23 13:34:58 INFO  BSP server: Downloaded https://repo1.maven.org/maven2/io/netty/netty-bom/4.1.97.Final/netty-bom-4.1.97.Final.pom[0m
2024.04.23 13:34:58 INFO  BSP server: Downloading https://repo1.maven.org/maven2/org/scala-sbt/launcher-interface/1.0.0/launcher-interface-1.0.0.pom[0m
2024.04.23 13:34:58 INFO  BSP server: Downloading https://repo1.maven.org/maven2/org/apache/logging/log4j/log4j-api/2.21.1/log4j-api-2.21.1.pom[0m
2024.04.23 13:34:58 INFO  BSP server: Downloading https://repo1.maven.org/maven2/org/scala-sbt/util-logging_2.12/1.9.1/util-logging_2.12-1.9.1.pom[0m
2024.04.23 13:34:58 INFO  BSP server: Downloading https://repo1.maven.org/maven2/org/scala-sbt/io_2.12/1.9.1/io_2.12-1.9.1.pom[0m
2024.04.23 13:34:58 INFO  BSP server: Downloading https://repo1.maven.org/maven2/io/zipkin/zipkin2/zipkin/2.23.2/zipkin-2.23.2.pom[0m
2024.04.23 13:34:58 INFO  BSP server: Downloaded https://repo1.maven.org/maven2/org/scala-sbt/util-logging_2.12/1.9.1/util-logging_2.12-1.9.1.pom[0m
2024.04.23 13:34:58 INFO  BSP server: Downloaded https://repo1.maven.org/maven2/org/scala-sbt/io_2.12/1.9.1/io_2.12-1.9.1.pom[0m
2024.04.23 13:34:58 INFO  BSP server: Downloaded https://repo1.maven.org/maven2/io/zipkin/zipkin2/zipkin/2.23.2/zipkin-2.23.2.pom[0m
2024.04.23 13:34:58 INFO  BSP server: Downloaded https://repo1.maven.org/maven2/org/apache/logging/log4j/log4j-api/2.21.1/log4j-api-2.21.1.pom[0m
2024.04.23 13:34:58 INFO  BSP server: Downloaded https://repo1.maven.org/maven2/org/scala-sbt/launcher-interface/1.0.0/launcher-interface-1.0.0.pom[0m
2024.04.23 13:34:58 INFO  BSP server: Downloading https://repo1.maven.org/maven2/io/zipkin/zipkin-parent/2.23.2/zipkin-parent-2.23.2.pom[0m
2024.04.23 13:34:58 INFO  BSP server: Downloaded https://repo1.maven.org/maven2/io/zipkin/zipkin-parent/2.23.2/zipkin-parent-2.23.2.pom[0m
2024.04.23 13:34:58 INFO  BSP server: Downloading https://repo1.maven.org/maven2/org/scala-sbt/util-relation_2.12/1.9.4/util-relation_2.12-1.9.4.pom[0m
2024.04.23 13:34:58 INFO  BSP server: Downloading https://repo1.maven.org/maven2/com/swoval/file-tree-views/2.1.10/file-tree-views-2.1.10.pom[0m
2024.04.23 13:34:58 INFO  BSP server: Downloading https://repo1.maven.org/maven2/org/scala-sbt/core-macros_2.12/1.9.1/core-macros_2.12-1.9.1.pom[0m
2024.04.23 13:34:58 INFO  BSP server: Downloading https://repo1.maven.org/maven2/org/scala-sbt/util-logging_2.12/1.9.4/util-logging_2.12-1.9.4.pom[0m
2024.04.23 13:34:58 INFO  BSP server: Downloading https://repo1.maven.org/maven2/org/scala-sbt/collections_2.12/1.9.1/collections_2.12-1.9.1.pom[0m
2024.04.23 13:34:58 INFO  BSP server: Downloading https://repo1.maven.org/maven2/org/scala-sbt/util-control_2.12/1.9.4/util-control_2.12-1.9.4.pom[0m
2024.04.23 13:34:59 INFO  BSP server: Downloaded https://repo1.maven.org/maven2/org/scala-sbt/collections_2.12/1.9.1/collections_2.12-1.9.1.pom[0m
2024.04.23 13:34:59 INFO  BSP server: Downloading https://repo1.maven.org/maven2/org/scala-sbt/util-interface/1.9.1/util-interface-1.9.1.pom[0m
2024.04.23 13:34:59 INFO  BSP server: Downloaded https://repo1.maven.org/maven2/com/swoval/file-tree-views/2.1.10/file-tree-views-2.1.10.pom[0m
2024.04.23 13:34:59 INFO  BSP server: Downloaded https://repo1.maven.org/maven2/org/scala-sbt/core-macros_2.12/1.9.1/core-macros_2.12-1.9.1.pom[0m
2024.04.23 13:34:59 INFO  BSP server: Downloaded https://repo1.maven.org/maven2/org/scala-sbt/util-relation_2.12/1.9.4/util-relation_2.12-1.9.4.pom[0m
2024.04.23 13:34:59 INFO  BSP server: Downloaded https://repo1.maven.org/maven2/org/scala-sbt/util-logging_2.12/1.9.4/util-logging_2.12-1.9.4.pom[0m
2024.04.23 13:34:59 INFO  BSP server: Downloaded https://repo1.maven.org/maven2/org/scala-sbt/util-interface/1.9.1/util-interface-1.9.1.pom[0m
2024.04.23 13:34:59 INFO  BSP server: Downloaded https://repo1.maven.org/maven2/org/scala-sbt/util-control_2.12/1.9.4/util-control_2.12-1.9.4.pom[0m
2024.04.23 13:34:59 INFO  BSP server: Downloading https://repo1.maven.org/maven2/org/scala-sbt/core-macros_2.12/1.9.4/core-macros_2.12-1.9.4.pom[0m
2024.04.23 13:34:59 INFO  BSP server: Downloading https://repo1.maven.org/maven2/org/scala-sbt/collections_2.12/1.9.4/collections_2.12-1.9.4.pom[0m
2024.04.23 13:34:59 INFO  BSP server: Downloading https://repo1.maven.org/maven2/org/scala-sbt/util-interface/1.9.4/util-interface-1.9.4.pom[0m
2024.04.23 13:34:59 INFO  BSP server: Downloaded https://repo1.maven.org/maven2/org/scala-sbt/collections_2.12/1.9.4/collections_2.12-1.9.4.pom[0m
2024.04.23 13:34:59 INFO  BSP server: Downloaded https://repo1.maven.org/maven2/org/scala-sbt/util-interface/1.9.4/util-interface-1.9.4.pom[0m
2024.04.23 13:34:59 INFO  BSP server: Downloaded https://repo1.maven.org/maven2/org/scala-sbt/core-macros_2.12/1.9.4/core-macros_2.12-1.9.4.pom[0m
2024.04.23 13:34:59 INFO  BSP server: Downloading https://repo1.maven.org/maven2/org/scala-sbt/util-position_2.12/1.9.4/util-position_2.12-1.9.4.pom[0m
2024.04.23 13:34:59 INFO  BSP server: Downloaded https://repo1.maven.org/maven2/org/scala-sbt/util-position_2.12/1.9.4/util-position_2.12-1.9.4.pom[0m
2024.04.23 13:34:59 INFO  BSP server: Downloading https://repo1.maven.org/maven2/io/zipkin/zipkin2/zipkin/2.23.2/zipkin-2.23.2.jar[0m
2024.04.23 13:34:59 INFO  BSP server: Downloading https://repo1.maven.org/maven2/org/scala-sbt/util-control_2.12/1.9.4/util-control_2.12-1.9.4.jar[0m
2024.04.23 13:34:59 INFO  BSP server: Downloading https://repo1.maven.org/maven2/org/apache/logging/log4j/log4j-core/2.21.1/log4j-core-2.21.1.jar[0m
2024.04.23 13:34:59 INFO  BSP server: Downloading https://repo1.maven.org/maven2/org/zeroturnaround/zt-zip/1.16/zt-zip-1.16.jar[0m
2024.04.23 13:34:59 INFO  BSP server: Downloading https://repo1.maven.org/maven2/org/apache/logging/log4j/log4j-api/2.21.1/log4j-api-2.21.1.jar[0m
2024.04.23 13:34:59 INFO  BSP server: Downloading https://repo1.maven.org/maven2/io/github/alexarchambault/bleep/bloop-backend_2.12/1.5.11-sc-3/bloop-backend_2.12-1.5.11-sc-3.jar[0m
2024.04.23 13:34:59 INFO  BSP server: Downloaded https://repo1.maven.org/maven2/org/scala-sbt/util-control_2.12/1.9.4/util-control_2.12-1.9.4.jar[0m
2024.04.23 13:34:59 INFO  BSP server: Downloading https://repo1.maven.org/maven2/org/scala-sbt/io_2.12/1.9.1/io_2.12-1.9.1.jar[0m
2024.04.23 13:35:01 INFO  BSP server: Downloaded https://repo1.maven.org/maven2/org/zeroturnaround/zt-zip/1.16/zt-zip-1.16.jar[0m
2024.04.23 13:35:01 INFO  BSP server: Downloading https://repo1.maven.org/maven2/ch/qos/logback/logback-core/1.4.6/logback-core-1.4.6.jar[0m
2024.04.23 13:35:01 INFO  BSP server: Downloaded https://repo1.maven.org/maven2/io/zipkin/zipkin2/zipkin/2.23.2/zipkin-2.23.2.jar[0m
2024.04.23 13:35:01 INFO  BSP server: Downloading https://repo1.maven.org/maven2/ch/epfl/scala/com-microsoft-java-debug-core/0.34.0+20/com-microsoft-java-debug-core-0.34.0+20.jar[0m
2024.04.23 13:35:01 INFO  BSP server: Downloaded https://repo1.maven.org/maven2/io/github/alexarchambault/bleep/bloop-backend_2.12/1.5.11-sc-3/bloop-backend_2.12-1.5.11-sc-3.jar[0m
2024.04.23 13:35:01 INFO  BSP server: Downloading https://repo1.maven.org/maven2/ch/epfl/scala/bsp4s_2.12/2.1.0-M7/bsp4s_2.12-2.1.0-M7.jar[0m
2024.04.23 13:35:01 INFO  BSP server: Downloaded https://repo1.maven.org/maven2/org/apache/logging/log4j/log4j-api/2.21.1/log4j-api-2.21.1.jar[0m
2024.04.23 13:35:01 INFO  BSP server: Downloading https://repo1.maven.org/maven2/org/scala-sbt/util-relation_2.12/1.9.4/util-relation_2.12-1.9.4.jar[0m
2024.04.23 13:35:01 INFO  BSP server: Downloaded https://repo1.maven.org/maven2/org/scala-sbt/io_2.12/1.9.1/io_2.12-1.9.1.jar[0m
2024.04.23 13:35:01 INFO  BSP server: Downloading https://repo1.maven.org/maven2/org/scala-sbt/util-position_2.12/1.9.4/util-position_2.12-1.9.4.jar[0m
2024.04.23 13:35:01 INFO  BSP server: Downloaded https://repo1.maven.org/maven2/ch/qos/logback/logback-core/1.4.6/logback-core-1.4.6.jar[0m
2024.04.23 13:35:01 INFO  BSP server: Downloading https://repo1.maven.org/maven2/ch/qos/logback/logback-classic/1.4.6/logback-classic-1.4.6.jar[0m
2024.04.23 13:35:01 INFO  BSP server: Downloaded https://repo1.maven.org/maven2/ch/epfl/scala/com-microsoft-java-debug-core/0.34.0+20/com-microsoft-java-debug-core-0.34.0+20.jar[0m
2024.04.23 13:35:01 INFO  BSP server: Downloading https://repo1.maven.org/maven2/org/scala-sbt/collections_2.12/1.9.4/collections_2.12-1.9.4.jar[0m
2024.04.23 13:35:01 INFO  BSP server: Downloaded https://repo1.maven.org/maven2/org/scala-sbt/util-relation_2.12/1.9.4/util-relation_2.12-1.9.4.jar[0m
2024.04.23 13:35:01 INFO  BSP server: Downloading https://repo1.maven.org/maven2/io/zipkin/brave/brave/5.16.0/brave-5.16.0.jar[0m
2024.04.23 13:35:01 INFO  BSP server: Downloaded https://repo1.maven.org/maven2/org/scala-sbt/util-position_2.12/1.9.4/util-position_2.12-1.9.4.jar[0m
2024.04.23 13:35:01 INFO  BSP server: Downloading https://repo1.maven.org/maven2/io/zipkin/reporter2/zipkin-reporter-brave/2.16.3/zipkin-reporter-brave-2.16.3.jar[0m
2024.04.23 13:35:01 INFO  BSP server: Downloaded https://repo1.maven.org/maven2/org/scala-sbt/collections_2.12/1.9.4/collections_2.12-1.9.4.jar[0m
2024.04.23 13:35:01 INFO  BSP server: Downloading https://repo1.maven.org/maven2/io/github/alexarchambault/bleep/bloop-shared_2.12/1.5.11-sc-3/bloop-shared_2.12-1.5.11-sc-3.jar[0m
2024.04.23 13:35:01 INFO  BSP server: Downloaded https://repo1.maven.org/maven2/ch/qos/logback/logback-classic/1.4.6/logback-classic-1.4.6.jar[0m
2024.04.23 13:35:01 INFO  BSP server: Downloading https://repo1.maven.org/maven2/org/scala-sbt/util-interface/1.9.4/util-interface-1.9.4.jar[0m
2024.04.23 13:35:01 INFO  BSP server: Downloaded https://repo1.maven.org/maven2/io/zipkin/reporter2/zipkin-reporter-brave/2.16.3/zipkin-reporter-brave-2.16.3.jar[0m
2024.04.23 13:35:01 INFO  BSP server: Downloading https://repo1.maven.org/maven2/io/github/alexarchambault/libdaemon/libdaemon_2.12/0.0.11/libdaemon_2.12-0.0.11.jar[0m
2024.04.23 13:35:02 INFO  BSP server: Downloaded https://repo1.maven.org/maven2/ch/epfl/scala/bsp4s_2.12/2.1.0-M7/bsp4s_2.12-2.1.0-M7.jar[0m
2024.04.23 13:35:02 INFO  BSP server: Downloading https://repo1.maven.org/maven2/org/scala-sbt/test-agent/1.9.7/test-agent-1.9.7.jar[0m
2024.04.23 13:35:02 INFO  BSP server: Downloaded https://repo1.maven.org/maven2/org/scala-sbt/util-interface/1.9.4/util-interface-1.9.4.jar[0m
2024.04.23 13:35:02 INFO  BSP server: Downloading https://repo1.maven.org/maven2/io/zipkin/reporter2/zipkin-sender-urlconnection/2.16.4/zipkin-sender-urlconnection-2.16.4.jar[0m
2024.04.23 13:35:02 INFO  BSP server: Downloaded https://repo1.maven.org/maven2/io/github/alexarchambault/libdaemon/libdaemon_2.12/0.0.11/libdaemon_2.12-0.0.11.jar[0m
2024.04.23 13:35:02 INFO  BSP server: Downloading https://repo1.maven.org/maven2/io/github/alexarchambault/bleep/bloop-frontend_2.12/1.5.11-sc-3/bloop-frontend_2.12-1.5.11-sc-3.jar[0m
2024.04.23 13:35:02 INFO  BSP server: Downloaded https://repo1.maven.org/maven2/org/scala-sbt/test-agent/1.9.7/test-agent-1.9.7.jar[0m
2024.04.23 13:35:02 INFO  BSP server: Downloading https://repo1.maven.org/maven2/org/scala-sbt/core-macros_2.12/1.9.4/core-macros_2.12-1.9.4.jar[0m
2024.04.23 13:35:02 INFO  BSP server: Downloaded https://repo1.maven.org/maven2/io/github/alexarchambault/bleep/bloop-shared_2.12/1.5.11-sc-3/bloop-shared_2.12-1.5.11-sc-3.jar[0m
2024.04.23 13:35:02 INFO  BSP server: Downloading https://repo1.maven.org/maven2/io/zipkin/reporter2/zipkin-reporter/2.16.4/zipkin-reporter-2.16.4.jar[0m
2024.04.23 13:35:02 INFO  BSP server: Downloaded https://repo1.maven.org/maven2/io/zipkin/reporter2/zipkin-sender-urlconnection/2.16.4/zipkin-sender-urlconnection-2.16.4.jar[0m
2024.04.23 13:35:02 INFO  BSP server: Downloading https://repo1.maven.org/maven2/org/scala-sbt/util-logging_2.12/1.9.4/util-logging_2.12-1.9.4.jar[0m
2024.04.23 13:35:02 INFO  BSP server: Downloaded https://repo1.maven.org/maven2/org/scala-sbt/core-macros_2.12/1.9.4/core-macros_2.12-1.9.4.jar[0m
2024.04.23 13:35:02 INFO  BSP server: Downloading https://repo1.maven.org/maven2/com/swoval/file-tree-views/2.1.10/file-tree-views-2.1.10.jar[0m
2024.04.23 13:35:02 INFO  BSP server: Downloaded https://repo1.maven.org/maven2/io/zipkin/brave/brave/5.16.0/brave-5.16.0.jar[0m
2024.04.23 13:35:02 INFO  BSP server: Downloading https://repo1.maven.org/maven2/ch/epfl/scala/scala-debug-adapter_2.12/3.1.4/scala-debug-adapter_2.12-3.1.4.jar[0m
2024.04.23 13:35:02 INFO  BSP server: Downloaded https://repo1.maven.org/maven2/io/zipkin/reporter2/zipkin-reporter/2.16.4/zipkin-reporter-2.16.4.jar[0m
2024.04.23 13:35:02 INFO  BSP server: Downloading https://repo1.maven.org/maven2/org/scalaz/scalaz-core_2.12/7.3.7/scalaz-core_2.12-7.3.7.jar[0m
2024.04.23 13:35:02 INFO  BSP server: Downloaded https://repo1.maven.org/maven2/com/swoval/file-tree-views/2.1.10/file-tree-views-2.1.10.jar[0m
2024.04.23 13:35:02 INFO  BSP server: Downloading https://repo1.maven.org/maven2/io/get-coursier/interface/1.0.13/interface-1.0.13.jar[0m
2024.04.23 13:35:02 INFO  BSP server: Downloaded https://repo1.maven.org/maven2/org/scala-sbt/util-logging_2.12/1.9.4/util-logging_2.12-1.9.4.jar[0m
2024.04.23 13:35:02 INFO  BSP server: Downloading https://repo1.maven.org/maven2/io/github/alexarchambault/bleep/nailgun-server/1.0.7/nailgun-server-1.0.7.jar[0m
2024.04.23 13:35:02 INFO  BSP server: Downloaded https://repo1.maven.org/maven2/io/github/alexarchambault/bleep/nailgun-server/1.0.7/nailgun-server-1.0.7.jar[0m
2024.04.23 13:35:02 INFO  BSP server: Downloaded https://repo1.maven.org/maven2/io/github/alexarchambault/bleep/bloop-frontend_2.12/1.5.11-sc-3/bloop-frontend_2.12-1.5.11-sc-3.jar[0m
2024.04.23 13:35:03 INFO  BSP server: Downloaded https://repo1.maven.org/maven2/org/apache/logging/log4j/log4j-core/2.21.1/log4j-core-2.21.1.jar[0m
2024.04.23 13:35:03 INFO  BSP server: Downloaded https://repo1.maven.org/maven2/ch/epfl/scala/scala-debug-adapter_2.12/3.1.4/scala-debug-adapter_2.12-3.1.4.jar[0m
2024.04.23 13:35:05 INFO  BSP server: Downloaded https://repo1.maven.org/maven2/org/scalaz/scalaz-core_2.12/7.3.7/scalaz-core_2.12-7.3.7.jar[0m
2024.04.23 13:35:05 INFO  BSP server: Downloaded https://repo1.maven.org/maven2/io/get-coursier/interface/1.0.13/interface-1.0.13.jar[0m
2024.04.23 13:35:05 INFO  BSP server: Starting compilation server[0m
2024.04.23 13:35:07 INFO  BSP server: Downloading https://repo1.maven.org/maven2/com/sourcegraph/semanticdb-javac/0.7.4/semanticdb-javac-0.7.4.pom[0m
2024.04.23 13:35:07 INFO  BSP server: Downloaded https://repo1.maven.org/maven2/com/sourcegraph/semanticdb-javac/0.7.4/semanticdb-javac-0.7.4.pom[0m
2024.04.23 13:35:07 INFO  BSP server: Downloading https://repo1.maven.org/maven2/com/sourcegraph/semanticdb-javac/0.7.4/semanticdb-javac-0.7.4.jar[0m
2024.04.23 13:35:07 INFO  BSP server: Downloaded https://repo1.maven.org/maven2/com/sourcegraph/semanticdb-javac/0.7.4/semanticdb-javac-0.7.4.jar[0m
2024.04.23 13:35:08 INFO  time: Connected to build server in 1m13s[0m
2024.04.23 13:35:08 INFO  Connected to Build server: scala-cli v1.1.2[0m
2024.04.23 13:35:08 INFO  time: Imported build in 0.13s[0m
2024.04.23 13:35:08 INFO  compiling parsing_bd2c96d2de (2 scala sources)[0m
2024.04.23 13:35:11 INFO  compiling parsing_bd2c96d2de (2 scala sources)[0m
2024.04.23 13:35:23 INFO  no build target found for /home/arp/dev/comp4121/assignments/assignment2/src/amyc/parsing/Lexer.scala. Using presentation compiler with project's scala-library version: 3.3.3[0m
2024.04.23 13:35:25 INFO  time: indexed workspace in 2.44s[0m
2024.04.23 13:35:25 INFO  compiling parsing_bd2c96d2de (2 scala sources)[0m
2024.04.23 13:35:29 INFO  no build target found for /home/arp/dev/comp4121/assignments/assignment2/src/amyc/parsing/Lexer.scala. Using presentation compiler with project's scala-library version: 3.3.1[0m
2024.04.23 13:35:29 INFO  time: compiled parsing_bd2c96d2de in 3.86s[0m
2024.04.23 13:37:15 INFO  compiling parsing_bd2c96d2de (2 scala sources)[0m
2024.04.23 13:37:15 INFO  time: compiled parsing_bd2c96d2de in 0.25s[0m
2024.04.23 13:37:39 INFO  compiling parsing_bd2c96d2de (2 scala sources)[0m
2024.04.23 13:37:39 INFO  time: compiled parsing_bd2c96d2de in 0.17s[0m
2024.04.23 13:51:08 INFO  compiling parsing_bd2c96d2de (2 scala sources)[0m
2024.04.23 13:51:08 INFO  time: compiled parsing_bd2c96d2de in 0.21s[0m
Apr 23, 2024 1:57:40 PM org.eclipse.lsp4j.jsonrpc.RemoteEndpoint handleCancellation
WARNING: Unmatched cancel notification for request id 286
Apr 23, 2024 1:57:54 PM org.eclipse.lsp4j.jsonrpc.RemoteEndpoint handleCancellation
WARNING: Unmatched cancel notification for request id 306
2024.04.23 13:57:59 INFO  compiling parsing_bd2c96d2de (2 scala sources)[0m
2024.04.23 13:57:59 INFO  time: compiled parsing_bd2c96d2de in 0.59s[0m
2024.04.23 13:59:30 INFO  compiling parsing_bd2c96d2de (2 scala sources)[0m
2024.04.23 13:59:30 INFO  time: compiled parsing_bd2c96d2de in 0.22s[0m
2024.04.23 14:02:33 INFO  Shutting down server[0m
2024.04.23 14:02:33 INFO  shutting down Metals[0m
2024.04.23 14:02:33 INFO  Shut down connection with build server.[0m
2024.04.23 14:02:33 INFO  Exiting server[0m
2024.04.25 21:34:23 INFO  Started: Metals version 1.3.0 in folders '/home/arp/dev/comp4121/assignments/assignment2/src/amyc/parsing' for client Visual Studio Code 1.88.1.[0m
SLF4J: Class path contains multiple SLF4J providers.
SLF4J: Found provider [scribe.slf4j.ScribeServiceProvider@68dc1873]
SLF4J: Found provider [ch.qos.logback.classic.spi.LogbackServiceProvider@52a658d0]
SLF4J: See https://www.slf4j.org/codes.html#multiple_bindings for an explanation.
SLF4J: Actual provider is of type [scribe.slf4j.ScribeServiceProvider@68dc1873]
2024.04.25 21:34:25 WARN  Flyway upgrade recommended: H2 2.2.224 is newer than this version of Flyway and support has not been tested. The latest supported version of H2 is 2.2.220.[0m
2024.04.25 21:34:25 INFO  Attempting to connect to the build server...[0m
2024.04.25 21:34:25 INFO  Running BSP server List(/home/arp/.local/share/coursier/bin/.scala-cli.aux, bsp, --json-options, /home/arp/dev/comp4121/assignments/assignment2/src/amyc/parsing/.scala-build/ide-options-v2.json, /home/arp/dev/comp4121/assignments/assignment2/src/amyc/parsing)[0m
2024.04.25 21:34:25 INFO  tracing is disabled for protocol BSP, to enable tracing of incoming and outgoing JSON messages create an empty file at /home/arp/dev/comp4121/assignments/assignment2/src/amyc/parsing/.metals/bsp.trace.json or /home/arp/.cache/metals/bsp.trace.json[0m
